#
# A fatal error has been detected by the Java Runtime Environment:
#
#  EXCEPTION_ACCESS_VIOLATION (0xc0000005) at pc=0x000002afb335feee, pid=12268, tid=29996
#
# JRE version: OpenJDK Runtime Environment (11.0+28) (build 11+28)
# Java VM: OpenJDK 64-Bit Server VM (11+28, mixed mode, tiered, compressed oops, g1 gc, windows-amd64)
# Problematic frame:
# C  0x000002afb335feee
#
# No core dump will be written. Minidumps are not enabled by default on client versions of Windows
#
# If you would like to submit a bug report, please visit:
#   http://bugreport.java.com/bugreport/crash.jsp
# The crash happened outside the Java Virtual Machine in native code.
# See problematic frame for where to report the bug.
#

---------------  S U M M A R Y ------------

Command Line: -Dfile.encoding=UTF-8 inft3032.assign.Assignment -scene scenes/ColouredTriangle.scene

Host: 13th Gen Intel(R) Core(TM) i7-13700K, 24 cores, 31G,  Windows 10 , 64 bit Build 22621 (10.0.22621.2215)
Time: Wed Sep 27 16:37:39 2023 Cen. Australia Standard Time elapsed time: 0 seconds (0d 0h 0m 0s)

---------------  T H R E A D  ---------------

Current thread (0x000002afaabbb800):  JavaThread "AWT-EventQueue-0" [_thread_in_native, id=29996, stack(0x000000bb85d00000,0x000000bb85e00000)]

Stack: [0x000000bb85d00000,0x000000bb85e00000],  sp=0x000000bb85dfb2d0,  free space=1004k
Native frames: (J=compiled Java code, j=interpreted, Vv=VM code, C=native code)
C  0x000002afb335feee

Java frames: (J=compiled Java code, j=interpreted, Vv=VM code)
j  jogamp.opengl.gl4.GL4bcImpl.dispatch_glDrawArrays1(IIIJ)V+0
j  jogamp.opengl.gl4.GL4bcImpl.glDrawArrays(III)V+51
j  inft3032.drawables.Triangle.draw(Ljavax/media/opengl/GL3;)V+15
j  inft3032.assign.AssignGLListener.display(Ljavax/media/opengl/GLAutoDrawable;)V+51
j  jogamp.opengl.GLDrawableHelper.displayImpl(Ljavax/media/opengl/GLAutoDrawable;)V+81
j  jogamp.opengl.GLDrawableHelper.display(Ljavax/media/opengl/GLAutoDrawable;)V+2
j  javax.media.opengl.awt.GLCanvas$10.run()V+118
j  jogamp.opengl.GLDrawableHelper.invokeGLImpl(Ljavax/media/opengl/GLDrawable;Ljavax/media/opengl/GLContext;Ljava/lang/Runnable;Ljava/lang/Runnable;)V+206
j  jogamp.opengl.GLDrawableHelper.invokeGL(Ljavax/media/opengl/GLDrawable;Ljavax/media/opengl/GLContext;Ljava/lang/Runnable;Ljava/lang/Runnable;)V+80
j  javax.media.opengl.awt.GLCanvas$11.run()V+73
j  javax.media.opengl.Threading.invoke(ZLjava/lang/Runnable;Ljava/lang/Object;)V+33
j  javax.media.opengl.awt.GLCanvas.display()V+64
j  javax.media.opengl.awt.GLCanvas.paint(Ljava/awt/Graphics;)V+137
j  sun.awt.RepaintArea.paintComponent(Ljava/awt/Component;Ljava/awt/Graphics;)V+6 java.desktop@11
j  sun.awt.RepaintArea.paint(Ljava/lang/Object;Z)V+326 java.desktop@11
j  sun.awt.windows.WComponentPeer.handleEvent(Ljava/awt/AWTEvent;)V+155 java.desktop@11
j  java.awt.Component.dispatchEventImpl(Ljava/awt/AWTEvent;)V+733 java.desktop@11
j  java.awt.Component.dispatchEvent(Ljava/awt/AWTEvent;)V+2 java.desktop@11
j  java.awt.EventQueue.dispatchEventImpl(Ljava/awt/AWTEvent;Ljava/lang/Object;)V+41 java.desktop@11
j  java.awt.EventQueue$4.run()Ljava/lang/Void;+32 java.desktop@11
j  java.awt.EventQueue$4.run()Ljava/lang/Object;+1 java.desktop@11
v  ~StubRoutines::call_stub
j  java.security.AccessController.doPrivileged(Ljava/security/PrivilegedAction;Ljava/security/AccessControlContext;)Ljava/lang/Object;+0 java.base@11
j  java.security.ProtectionDomain$JavaSecurityAccessImpl.doIntersectionPrivilege(Ljava/security/PrivilegedAction;Ljava/security/AccessControlContext;Ljava/security/AccessControlContext;)Ljava/lang/Object;+18 java.base@11
j  java.security.ProtectionDomain$JavaSecurityAccessImpl.doIntersectionPrivilege(Ljava/security/PrivilegedAction;Ljava/security/AccessControlContext;)Ljava/lang/Object;+6 java.base@11
j  java.awt.EventQueue$5.run()Ljava/lang/Void;+11 java.desktop@11
j  java.awt.EventQueue$5.run()Ljava/lang/Object;+1 java.desktop@11
v  ~StubRoutines::call_stub
j  java.security.AccessController.doPrivileged(Ljava/security/PrivilegedAction;Ljava/security/AccessControlContext;)Ljava/lang/Object;+0 java.base@11
j  java.security.ProtectionDomain$JavaSecurityAccessImpl.doIntersectionPrivilege(Ljava/security/PrivilegedAction;Ljava/security/AccessControlContext;Ljava/security/AccessControlContext;)Ljava/lang/Object;+18 java.base@11
j  java.awt.EventQueue.dispatchEvent(Ljava/awt/AWTEvent;)V+73 java.desktop@11
j  java.awt.EventDispatchThread.pumpOneEventForFilters(I)V+78 java.desktop@11
j  java.awt.EventDispatchThread.pumpEventsForFilter(ILjava/awt/Conditional;Ljava/awt/EventFilter;)V+35 java.desktop@11
j  java.awt.EventDispatchThread.pumpEventsForHierarchy(ILjava/awt/Conditional;Ljava/awt/Component;)V+11 java.desktop@11
j  java.awt.EventDispatchThread.pumpEvents(ILjava/awt/Conditional;)V+4 java.desktop@11
j  java.awt.EventDispatchThread.pumpEvents(Ljava/awt/Conditional;)V+3 java.desktop@11
j  java.awt.EventDispatchThread.run()V+9 java.desktop@11
v  ~StubRoutines::call_stub

siginfo: EXCEPTION_ACCESS_VIOLATION (0xc0000005), reading address 0x00000000000000c0


Register to memory mapping:

RIP=0x000002afb335feee points into unknown readable memory
RAX=0x000002afac4f12c0 points into unknown readable memory
RBX=0x000002afb4e90000 points into unknown readable memory
RCX=0x000000000000000c is an unknown value
RDX=0x0000000000000003 is an unknown value
RSP=0x000000bb85dfb2d0 is pointing into the stack for thread: 0x000002afaabbb800
RBP=0x0 is NULL
RSI=0x00000000000000c0 is an unknown value
RDI=0x00000000000000c0 is an unknown value
R8 =0x000000000000000c is an unknown value
R9 =0x0000000000000003 is an unknown value
R10=0x000002afb354d790 points into unknown readable memory
R11=0x0 is NULL
R12=0x0 is NULL
R13=0x0 is NULL
R14=0x0000000000000004 is an unknown value
R15=0x000002afac4f12c0 points into unknown readable memory


Registers:
RAX=0x000002afac4f12c0, RBX=0x000002afb4e90000, RCX=0x000000000000000c, RDX=0x0000000000000003
RSP=0x000000bb85dfb2d0, RBP=0x0000000000000000, RSI=0x00000000000000c0, RDI=0x00000000000000c0
R8 =0x000000000000000c, R9 =0x0000000000000003, R10=0x000002afb354d790, R11=0x0000000000000000
R12=0x0000000000000000, R13=0x0000000000000000, R14=0x0000000000000004, R15=0x000002afac4f12c0
RIP=0x000002afb335feee, EFLAGS=0x0000000000010206

Top of Stack: (sp=0x000000bb85dfb2d0)
0x000000bb85dfb2d0:   0000000000000000 000000000000000c
0x000000bb85dfb2e0:   0000000000000003 000002afb4e90000
0x000000bb85dfb2f0:   000002afb354d790 00007ffe4678a80c
0x000000bb85dfb300:   000002afb4e90000 000002afb354d790
0x000000bb85dfb310:   0000000000000003 000002afb4e90000
0x000000bb85dfb320:   000002af0000001c 0000000000000001
0x000000bb85dfb330:   0000000000000103 000002afb374c2a8
0x000000bb85dfb340:   0000000000000004 000002afb354d790
0x000000bb85dfb350:   0000000000000003 000000000000000c
0x000000bb85dfb360:   000002afb4e90000 00007ffe467867f3
0x000000bb85dfb370:   0000000000000001 0000000000000000
0x000000bb85dfb380:   000002afab7bbcf0 000000000000000c
0x000000bb85dfb390:   0000000000000103 00c0000000000000
0x000000bb85dfb3a0:   00000000ffffffff 0000000000000004
0x000000bb85dfb3b0:   0000000000000003 00007ffe463432c1
0x000000bb85dfb3c0:   000000000000000c 000002afb4e90000 

Instructions: (pc=0x000002afb335feee)
0x000002afb335fece:   78 08 48 be b0 8d ee b4 af 02 00 00 48 8b 36 48
0x000002afb335fede:   8b b6 38 03 00 00 48 8b f9 48 c1 e7 04 48 03 f7
0x000002afb335feee:   8b 3e 8b 6e 04 89 78 0c 89 68 10 8b 7e 08 8b 6e
0x000002afb335fefe:   0c 89 78 14 89 68 18 48 83 c0 1c ff c1 ff ca 75 



---------------  P R O C E S S  ---------------

Threads class SMR info:
_java_thread_list=0x000002afaacc0e00, length=19, elements={
0x000002afffa54800, 0x000002afffa84800, 0x000002afffae2800, 0x000002afffae3800,
0x000002afffae4800, 0x000002afffaeb000, 0x000002afffa9d000, 0x000002afffc28800,
0x000002afffc8a800, 0x000002afffcb7000, 0x000002afffcb0000, 0x000002afa9bad000,
0x000002afa9bf4000, 0x000002afaabbb800, 0x000002afaac9b000, 0x000002afb3429800,
0x000002afb3484000, 0x000002affa31a800, 0x000002afab054800
}

Java Threads: ( => current thread )
  0x000002afffa54800 JavaThread "Reference Handler" daemon [_thread_blocked, id=15404, stack(0x000000bb84d00000,0x000000bb84e00000)]
  0x000002afffa84800 JavaThread "Finalizer" daemon [_thread_blocked, id=27056, stack(0x000000bb84e00000,0x000000bb84f00000)]
  0x000002afffae2800 JavaThread "Signal Dispatcher" daemon [_thread_blocked, id=24996, stack(0x000000bb84f00000,0x000000bb85000000)]
  0x000002afffae3800 JavaThread "Attach Listener" daemon [_thread_blocked, id=18772, stack(0x000000bb85000000,0x000000bb85100000)]
  0x000002afffae4800 JavaThread "C2 CompilerThread0" daemon [_thread_blocked, id=4264, stack(0x000000bb85100000,0x000000bb85200000)]
  0x000002afffaeb000 JavaThread "C1 CompilerThread0" daemon [_thread_blocked, id=18540, stack(0x000000bb85200000,0x000000bb85300000)]
  0x000002afffa9d000 JavaThread "Sweeper thread" daemon [_thread_blocked, id=7260, stack(0x000000bb85300000,0x000000bb85400000)]
  0x000002afffc28800 JavaThread "C1 CompilerThread1" daemon [_thread_blocked, id=16668, stack(0x000000bb85400000,0x000000bb85500000)]
  0x000002afffc8a800 JavaThread "Service Thread" daemon [_thread_blocked, id=13940, stack(0x000000bb85500000,0x000000bb85600000)]
  0x000002afffcb7000 JavaThread "Common-Cleaner" daemon [_thread_blocked, id=32116, stack(0x000000bb85700000,0x000000bb85800000)]
  0x000002afffcb0000 JavaThread "Java2D Disposer" daemon [_thread_blocked, id=2348, stack(0x000000bb85800000,0x000000bb85900000)]
  0x000002afa9bad000 JavaThread "AWT-Shutdown" [_thread_blocked, id=14300, stack(0x000000bb85900000,0x000000bb85a00000)]
  0x000002afa9bf4000 JavaThread "AWT-Windows" daemon [_thread_in_native, id=9896, stack(0x000000bb85a00000,0x000000bb85b00000)]
=>0x000002afaabbb800 JavaThread "AWT-EventQueue-0" [_thread_in_native, id=29996, stack(0x000000bb85d00000,0x000000bb85e00000)]
  0x000002afaac9b000 JavaThread "main-SharedResourceRunner" daemon [_thread_blocked, id=31404, stack(0x000000bb85e00000,0x000000bb85f00000)]
  0x000002afb3429800 JavaThread "C1 CompilerThread2" daemon [_thread_blocked, id=31736, stack(0x000000bb86400000,0x000000bb86500000)]
  0x000002afb3484000 JavaThread "C1 CompilerThread3" daemon [_thread_blocked, id=32716, stack(0x000000bb87000000,0x000000bb87100000)]
  0x000002affa31a800 JavaThread "DestroyJavaVM" [_thread_blocked, id=16020, stack(0x000000bb84600000,0x000000bb84700000)]
  0x000002afab054800 JavaThread "D3D Screen Updater" daemon [_thread_blocked, id=6148, stack(0x000000bb87100000,0x000000bb87200000)]

Other Threads:
  0x000002afffa52800 VMThread "VM Thread" [stack: 0x000000bb84c00000,0x000000bb84d00000] [id=30916]
  0x000002afffcac800 WatcherThread [stack: 0x000000bb85600000,0x000000bb85700000] [id=32464]
  0x000002affa333000 GCTaskThread "GC Thread#0" [stack: 0x000000bb84700000,0x000000bb84800000] [id=17816]
  0x000002afb342e000 GCTaskThread "GC Thread#1" [stack: 0x000000bb86500000,0x000000bb86600000] [id=26812]
  0x000002afb342e800 GCTaskThread "GC Thread#2" [stack: 0x000000bb86600000,0x000000bb86700000] [id=28948]
  0x000002afb3433800 GCTaskThread "GC Thread#3" [stack: 0x000000bb86700000,0x000000bb86800000] [id=15436]
  0x000002afb3434800 GCTaskThread "GC Thread#4" [stack: 0x000000bb86800000,0x000000bb86900000] [id=5752]
  0x000002afb3435000 GCTaskThread "GC Thread#5" [stack: 0x000000bb86900000,0x000000bb86a00000] [id=25236]
  0x000002afb3435800 GCTaskThread "GC Thread#6" [stack: 0x000000bb86a00000,0x000000bb86b00000] [id=30208]
  0x000002afb3436800 GCTaskThread "GC Thread#7" [stack: 0x000000bb86b00000,0x000000bb86c00000] [id=17700]
  0x000002afb3437000 GCTaskThread "GC Thread#8" [stack: 0x000000bb86c00000,0x000000bb86d00000] [id=19736]
  0x000002afb3438000 GCTaskThread "GC Thread#9" [stack: 0x000000bb86d00000,0x000000bb86e00000] [id=4360]
  0x000002afb3440800 GCTaskThread "GC Thread#10" [stack: 0x000000bb86e00000,0x000000bb86f00000] [id=10508]
  0x000002afb343e000 GCTaskThread "GC Thread#11" [stack: 0x000000bb86f00000,0x000000bb87000000] [id=24096]
  0x000002affa3b6000 ConcurrentGCThread "G1 Main Marker" [stack: 0x000000bb84800000,0x000000bb84900000] [id=30692]
  0x000002affa3b7800 ConcurrentGCThread "G1 Conc#0" [stack: 0x000000bb84900000,0x000000bb84a00000] [id=19584]
  0x000002afff250800 ConcurrentGCThread "G1 Refine#0" [stack: 0x000000bb84a00000,0x000000bb84b00000] [id=5944]
  0x000002afff252800 ConcurrentGCThread "G1 Young RemSet Sampling" [stack: 0x000000bb84b00000,0x000000bb84c00000] [id=20576]

Threads with active compile tasks:

VM state:not at safepoint (normal execution)

VM Mutex/Monitor currently owned by a thread: None

Heap address: 0x0000000604000000, size: 8128 MB, Compressed Oops mode: Zero based, Oop shift amount: 3
Narrow klass base: 0x0000000800000000, Narrow klass shift: 0
Compressed class space size: 1073741824 Address: 0x0000000800000000

Heap:
 garbage-first heap   total 520192K, used 19752K [0x0000000604000000, 0x0000000800000000)
  region size 2048K, 11 young (22528K), 2 survivors (4096K)
 Metaspace       used 20287K, capacity 20726K, committed 20864K, reserved 1069056K
  class space    used 1953K, capacity 2173K, committed 2176K, reserved 1048576K
Heap Regions: E=young(eden), S=young(survivor), O=old, HS=humongous(starts), HC=humongous(continues), CS=collection set, F=free, A=archive, TAMS=top-at-mark-start (previous, next)
|   0|0x0000000604000000, 0x0000000604000000, 0x0000000604200000|  0%| F|  |TAMS 0x0000000604000000, 0x0000000604000000| Untracked 
|   1|0x0000000604200000, 0x0000000604200000, 0x0000000604400000|  0%| F|  |TAMS 0x0000000604200000, 0x0000000604200000| Untracked 
|   2|0x0000000604400000, 0x0000000604400000, 0x0000000604600000|  0%| F|  |TAMS 0x0000000604400000, 0x0000000604400000| Untracked 
|   3|0x0000000604600000, 0x0000000604600000, 0x0000000604800000|  0%| F|  |TAMS 0x0000000604600000, 0x0000000604600000| Untracked 
|   4|0x0000000604800000, 0x0000000604800000, 0x0000000604a00000|  0%| F|  |TAMS 0x0000000604800000, 0x0000000604800000| Untracked 
|   5|0x0000000604a00000, 0x0000000604a00000, 0x0000000604c00000|  0%| F|  |TAMS 0x0000000604a00000, 0x0000000604a00000| Untracked 
|   6|0x0000000604c00000, 0x0000000604c00000, 0x0000000604e00000|  0%| F|  |TAMS 0x0000000604c00000, 0x0000000604c00000| Untracked 
|   7|0x0000000604e00000, 0x0000000604e00000, 0x0000000605000000|  0%| F|  |TAMS 0x0000000604e00000, 0x0000000604e00000| Untracked 
|   8|0x0000000605000000, 0x0000000605000000, 0x0000000605200000|  0%| F|  |TAMS 0x0000000605000000, 0x0000000605000000| Untracked 
|   9|0x0000000605200000, 0x0000000605200000, 0x0000000605400000|  0%| F|  |TAMS 0x0000000605200000, 0x0000000605200000| Untracked 
|  10|0x0000000605400000, 0x0000000605400000, 0x0000000605600000|  0%| F|  |TAMS 0x0000000605400000, 0x0000000605400000| Untracked 
|  11|0x0000000605600000, 0x0000000605600000, 0x0000000605800000|  0%| F|  |TAMS 0x0000000605600000, 0x0000000605600000| Untracked 
|  12|0x0000000605800000, 0x0000000605800000, 0x0000000605a00000|  0%| F|  |TAMS 0x0000000605800000, 0x0000000605800000| Untracked 
|  13|0x0000000605a00000, 0x0000000605a00000, 0x0000000605c00000|  0%| F|  |TAMS 0x0000000605a00000, 0x0000000605a00000| Untracked 
|  14|0x0000000605c00000, 0x0000000605c00000, 0x0000000605e00000|  0%| F|  |TAMS 0x0000000605c00000, 0x0000000605c00000| Untracked 
|  15|0x0000000605e00000, 0x0000000605e00000, 0x0000000606000000|  0%| F|  |TAMS 0x0000000605e00000, 0x0000000605e00000| Untracked 
|  16|0x0000000606000000, 0x0000000606000000, 0x0000000606200000|  0%| F|  |TAMS 0x0000000606000000, 0x0000000606000000| Untracked 
|  17|0x0000000606200000, 0x0000000606200000, 0x0000000606400000|  0%| F|  |TAMS 0x0000000606200000, 0x0000000606200000| Untracked 
|  18|0x0000000606400000, 0x0000000606400000, 0x0000000606600000|  0%| F|  |TAMS 0x0000000606400000, 0x0000000606400000| Untracked 
|  19|0x0000000606600000, 0x0000000606600000, 0x0000000606800000|  0%| F|  |TAMS 0x0000000606600000, 0x0000000606600000| Untracked 
|  20|0x0000000606800000, 0x0000000606800000, 0x0000000606a00000|  0%| F|  |TAMS 0x0000000606800000, 0x0000000606800000| Untracked 
|  21|0x0000000606a00000, 0x0000000606a00000, 0x0000000606c00000|  0%| F|  |TAMS 0x0000000606a00000, 0x0000000606a00000| Untracked 
|  22|0x0000000606c00000, 0x0000000606c00000, 0x0000000606e00000|  0%| F|  |TAMS 0x0000000606c00000, 0x0000000606c00000| Untracked 
|  23|0x0000000606e00000, 0x0000000606e00000, 0x0000000607000000|  0%| F|  |TAMS 0x0000000606e00000, 0x0000000606e00000| Untracked 
|  24|0x0000000607000000, 0x0000000607000000, 0x0000000607200000|  0%| F|  |TAMS 0x0000000607000000, 0x0000000607000000| Untracked 
|  25|0x0000000607200000, 0x0000000607200000, 0x0000000607400000|  0%| F|  |TAMS 0x0000000607200000, 0x0000000607200000| Untracked 
|  26|0x0000000607400000, 0x0000000607400000, 0x0000000607600000|  0%| F|  |TAMS 0x0000000607400000, 0x0000000607400000| Untracked 
|  27|0x0000000607600000, 0x0000000607600000, 0x0000000607800000|  0%| F|  |TAMS 0x0000000607600000, 0x0000000607600000| Untracked 
|  28|0x0000000607800000, 0x0000000607800000, 0x0000000607a00000|  0%| F|  |TAMS 0x0000000607800000, 0x0000000607800000| Untracked 
|  29|0x0000000607a00000, 0x0000000607a00000, 0x0000000607c00000|  0%| F|  |TAMS 0x0000000607a00000, 0x0000000607a00000| Untracked 
|  30|0x0000000607c00000, 0x0000000607c00000, 0x0000000607e00000|  0%| F|  |TAMS 0x0000000607c00000, 0x0000000607c00000| Untracked 
|  31|0x0000000607e00000, 0x0000000607e00000, 0x0000000608000000|  0%| F|  |TAMS 0x0000000607e00000, 0x0000000607e00000| Untracked 
|  32|0x0000000608000000, 0x0000000608000000, 0x0000000608200000|  0%| F|  |TAMS 0x0000000608000000, 0x0000000608000000| Untracked 
|  33|0x0000000608200000, 0x0000000608200000, 0x0000000608400000|  0%| F|  |TAMS 0x0000000608200000, 0x0000000608200000| Untracked 
|  34|0x0000000608400000, 0x0000000608400000, 0x0000000608600000|  0%| F|  |TAMS 0x0000000608400000, 0x0000000608400000| Untracked 
|  35|0x0000000608600000, 0x0000000608600000, 0x0000000608800000|  0%| F|  |TAMS 0x0000000608600000, 0x0000000608600000| Untracked 
|  36|0x0000000608800000, 0x0000000608800000, 0x0000000608a00000|  0%| F|  |TAMS 0x0000000608800000, 0x0000000608800000| Untracked 
|  37|0x0000000608a00000, 0x0000000608a00000, 0x0000000608c00000|  0%| F|  |TAMS 0x0000000608a00000, 0x0000000608a00000| Untracked 
|  38|0x0000000608c00000, 0x0000000608c00000, 0x0000000608e00000|  0%| F|  |TAMS 0x0000000608c00000, 0x0000000608c00000| Untracked 
|  39|0x0000000608e00000, 0x0000000608e00000, 0x0000000609000000|  0%| F|  |TAMS 0x0000000608e00000, 0x0000000608e00000| Untracked 
|  40|0x0000000609000000, 0x0000000609000000, 0x0000000609200000|  0%| F|  |TAMS 0x0000000609000000, 0x0000000609000000| Untracked 
|  41|0x0000000609200000, 0x0000000609200000, 0x0000000609400000|  0%| F|  |TAMS 0x0000000609200000, 0x0000000609200000| Untracked 
|  42|0x0000000609400000, 0x0000000609400000, 0x0000000609600000|  0%| F|  |TAMS 0x0000000609400000, 0x0000000609400000| Untracked 
|  43|0x0000000609600000, 0x0000000609600000, 0x0000000609800000|  0%| F|  |TAMS 0x0000000609600000, 0x0000000609600000| Untracked 
|  44|0x0000000609800000, 0x0000000609800000, 0x0000000609a00000|  0%| F|  |TAMS 0x0000000609800000, 0x0000000609800000| Untracked 
|  45|0x0000000609a00000, 0x0000000609a00000, 0x0000000609c00000|  0%| F|  |TAMS 0x0000000609a00000, 0x0000000609a00000| Untracked 
|  46|0x0000000609c00000, 0x0000000609c00000, 0x0000000609e00000|  0%| F|  |TAMS 0x0000000609c00000, 0x0000000609c00000| Untracked 
|  47|0x0000000609e00000, 0x0000000609e00000, 0x000000060a000000|  0%| F|  |TAMS 0x0000000609e00000, 0x0000000609e00000| Untracked 
|  48|0x000000060a000000, 0x000000060a000000, 0x000000060a200000|  0%| F|  |TAMS 0x000000060a000000, 0x000000060a000000| Untracked 
|  49|0x000000060a200000, 0x000000060a200000, 0x000000060a400000|  0%| F|  |TAMS 0x000000060a200000, 0x000000060a200000| Untracked 
|  50|0x000000060a400000, 0x000000060a400000, 0x000000060a600000|  0%| F|  |TAMS 0x000000060a400000, 0x000000060a400000| Untracked 
|  51|0x000000060a600000, 0x000000060a600000, 0x000000060a800000|  0%| F|  |TAMS 0x000000060a600000, 0x000000060a600000| Untracked 
|  52|0x000000060a800000, 0x000000060a800000, 0x000000060aa00000|  0%| F|  |TAMS 0x000000060a800000, 0x000000060a800000| Untracked 
|  53|0x000000060aa00000, 0x000000060aa00000, 0x000000060ac00000|  0%| F|  |TAMS 0x000000060aa00000, 0x000000060aa00000| Untracked 
|  54|0x000000060ac00000, 0x000000060ac00000, 0x000000060ae00000|  0%| F|  |TAMS 0x000000060ac00000, 0x000000060ac00000| Untracked 
|  55|0x000000060ae00000, 0x000000060ae00000, 0x000000060b000000|  0%| F|  |TAMS 0x000000060ae00000, 0x000000060ae00000| Untracked 
|  56|0x000000060b000000, 0x000000060b000000, 0x000000060b200000|  0%| F|  |TAMS 0x000000060b000000, 0x000000060b000000| Untracked 
|  57|0x000000060b200000, 0x000000060b200000, 0x000000060b400000|  0%| F|  |TAMS 0x000000060b200000, 0x000000060b200000| Untracked 
|  58|0x000000060b400000, 0x000000060b400000, 0x000000060b600000|  0%| F|  |TAMS 0x000000060b400000, 0x000000060b400000| Untracked 
|  59|0x000000060b600000, 0x000000060b600000, 0x000000060b800000|  0%| F|  |TAMS 0x000000060b600000, 0x000000060b600000| Untracked 
|  60|0x000000060b800000, 0x000000060b800000, 0x000000060ba00000|  0%| F|  |TAMS 0x000000060b800000, 0x000000060b800000| Untracked 
|  61|0x000000060ba00000, 0x000000060ba00000, 0x000000060bc00000|  0%| F|  |TAMS 0x000000060ba00000, 0x000000060ba00000| Untracked 
|  62|0x000000060bc00000, 0x000000060bc00000, 0x000000060be00000|  0%| F|  |TAMS 0x000000060bc00000, 0x000000060bc00000| Untracked 
|  63|0x000000060be00000, 0x000000060be00000, 0x000000060c000000|  0%| F|  |TAMS 0x000000060be00000, 0x000000060be00000| Untracked 
|  64|0x000000060c000000, 0x000000060c000000, 0x000000060c200000|  0%| F|  |TAMS 0x000000060c000000, 0x000000060c000000| Untracked 
|  65|0x000000060c200000, 0x000000060c200000, 0x000000060c400000|  0%| F|  |TAMS 0x000000060c200000, 0x000000060c200000| Untracked 
|  66|0x000000060c400000, 0x000000060c400000, 0x000000060c600000|  0%| F|  |TAMS 0x000000060c400000, 0x000000060c400000| Untracked 
|  67|0x000000060c600000, 0x000000060c600000, 0x000000060c800000|  0%| F|  |TAMS 0x000000060c600000, 0x000000060c600000| Untracked 
|  68|0x000000060c800000, 0x000000060c800000, 0x000000060ca00000|  0%| F|  |TAMS 0x000000060c800000, 0x000000060c800000| Untracked 
|  69|0x000000060ca00000, 0x000000060ca00000, 0x000000060cc00000|  0%| F|  |TAMS 0x000000060ca00000, 0x000000060ca00000| Untracked 
|  70|0x000000060cc00000, 0x000000060cc00000, 0x000000060ce00000|  0%| F|  |TAMS 0x000000060cc00000, 0x000000060cc00000| Untracked 
|  71|0x000000060ce00000, 0x000000060ce00000, 0x000000060d000000|  0%| F|  |TAMS 0x000000060ce00000, 0x000000060ce00000| Untracked 
|  72|0x000000060d000000, 0x000000060d000000, 0x000000060d200000|  0%| F|  |TAMS 0x000000060d000000, 0x000000060d000000| Untracked 
|  73|0x000000060d200000, 0x000000060d200000, 0x000000060d400000|  0%| F|  |TAMS 0x000000060d200000, 0x000000060d200000| Untracked 
|  74|0x000000060d400000, 0x000000060d400000, 0x000000060d600000|  0%| F|  |TAMS 0x000000060d400000, 0x000000060d400000| Untracked 
|  75|0x000000060d600000, 0x000000060d600000, 0x000000060d800000|  0%| F|  |TAMS 0x000000060d600000, 0x000000060d600000| Untracked 
|  76|0x000000060d800000, 0x000000060d800000, 0x000000060da00000|  0%| F|  |TAMS 0x000000060d800000, 0x000000060d800000| Untracked 
|  77|0x000000060da00000, 0x000000060da00000, 0x000000060dc00000|  0%| F|  |TAMS 0x000000060da00000, 0x000000060da00000| Untracked 
|  78|0x000000060dc00000, 0x000000060dc00000, 0x000000060de00000|  0%| F|  |TAMS 0x000000060dc00000, 0x000000060dc00000| Untracked 
|  79|0x000000060de00000, 0x000000060de00000, 0x000000060e000000|  0%| F|  |TAMS 0x000000060de00000, 0x000000060de00000| Untracked 
|  80|0x000000060e000000, 0x000000060e000000, 0x000000060e200000|  0%| F|  |TAMS 0x000000060e000000, 0x000000060e000000| Untracked 
|  81|0x000000060e200000, 0x000000060e200000, 0x000000060e400000|  0%| F|  |TAMS 0x000000060e200000, 0x000000060e200000| Untracked 
|  82|0x000000060e400000, 0x000000060e400000, 0x000000060e600000|  0%| F|  |TAMS 0x000000060e400000, 0x000000060e400000| Untracked 
|  83|0x000000060e600000, 0x000000060e600000, 0x000000060e800000|  0%| F|  |TAMS 0x000000060e600000, 0x000000060e600000| Untracked 
|  84|0x000000060e800000, 0x000000060e800000, 0x000000060ea00000|  0%| F|  |TAMS 0x000000060e800000, 0x000000060e800000| Untracked 
|  85|0x000000060ea00000, 0x000000060ea00000, 0x000000060ec00000|  0%| F|  |TAMS 0x000000060ea00000, 0x000000060ea00000| Untracked 
|  86|0x000000060ec00000, 0x000000060ec00000, 0x000000060ee00000|  0%| F|  |TAMS 0x000000060ec00000, 0x000000060ec00000| Untracked 
|  87|0x000000060ee00000, 0x000000060ee00000, 0x000000060f000000|  0%| F|  |TAMS 0x000000060ee00000, 0x000000060ee00000| Untracked 
|  88|0x000000060f000000, 0x000000060f000000, 0x000000060f200000|  0%| F|  |TAMS 0x000000060f000000, 0x000000060f000000| Untracked 
|  89|0x000000060f200000, 0x000000060f200000, 0x000000060f400000|  0%| F|  |TAMS 0x000000060f200000, 0x000000060f200000| Untracked 
|  90|0x000000060f400000, 0x000000060f400000, 0x000000060f600000|  0%| F|  |TAMS 0x000000060f400000, 0x000000060f400000| Untracked 
|  91|0x000000060f600000, 0x000000060f600000, 0x000000060f800000|  0%| F|  |TAMS 0x000000060f600000, 0x000000060f600000| Untracked 
|  92|0x000000060f800000, 0x000000060f800000, 0x000000060fa00000|  0%| F|  |TAMS 0x000000060f800000, 0x000000060f800000| Untracked 
|  93|0x000000060fa00000, 0x000000060fa00000, 0x000000060fc00000|  0%| F|  |TAMS 0x000000060fa00000, 0x000000060fa00000| Untracked 
|  94|0x000000060fc00000, 0x000000060fc00000, 0x000000060fe00000|  0%| F|  |TAMS 0x000000060fc00000, 0x000000060fc00000| Untracked 
|  95|0x000000060fe00000, 0x000000060fe00000, 0x0000000610000000|  0%| F|  |TAMS 0x000000060fe00000, 0x000000060fe00000| Untracked 
|  96|0x0000000610000000, 0x0000000610000000, 0x0000000610200000|  0%| F|  |TAMS 0x0000000610000000, 0x0000000610000000| Untracked 
|  97|0x0000000610200000, 0x0000000610200000, 0x0000000610400000|  0%| F|  |TAMS 0x0000000610200000, 0x0000000610200000| Untracked 
|  98|0x0000000610400000, 0x0000000610400000, 0x0000000610600000|  0%| F|  |TAMS 0x0000000610400000, 0x0000000610400000| Untracked 
|  99|0x0000000610600000, 0x0000000610600000, 0x0000000610800000|  0%| F|  |TAMS 0x0000000610600000, 0x0000000610600000| Untracked 
| 100|0x0000000610800000, 0x0000000610800000, 0x0000000610a00000|  0%| F|  |TAMS 0x0000000610800000, 0x0000000610800000| Untracked 
| 101|0x0000000610a00000, 0x0000000610a00000, 0x0000000610c00000|  0%| F|  |TAMS 0x0000000610a00000, 0x0000000610a00000| Untracked 
| 102|0x0000000610c00000, 0x0000000610c00000, 0x0000000610e00000|  0%| F|  |TAMS 0x0000000610c00000, 0x0000000610c00000| Untracked 
| 103|0x0000000610e00000, 0x0000000610e00000, 0x0000000611000000|  0%| F|  |TAMS 0x0000000610e00000, 0x0000000610e00000| Untracked 
| 104|0x0000000611000000, 0x0000000611000000, 0x0000000611200000|  0%| F|  |TAMS 0x0000000611000000, 0x0000000611000000| Untracked 
| 105|0x0000000611200000, 0x0000000611200000, 0x0000000611400000|  0%| F|  |TAMS 0x0000000611200000, 0x0000000611200000| Untracked 
| 106|0x0000000611400000, 0x0000000611400000, 0x0000000611600000|  0%| F|  |TAMS 0x0000000611400000, 0x0000000611400000| Untracked 
| 107|0x0000000611600000, 0x0000000611600000, 0x0000000611800000|  0%| F|  |TAMS 0x0000000611600000, 0x0000000611600000| Untracked 
| 108|0x0000000611800000, 0x0000000611800000, 0x0000000611a00000|  0%| F|  |TAMS 0x0000000611800000, 0x0000000611800000| Untracked 
| 109|0x0000000611a00000, 0x0000000611a00000, 0x0000000611c00000|  0%| F|  |TAMS 0x0000000611a00000, 0x0000000611a00000| Untracked 
| 110|0x0000000611c00000, 0x0000000611c00000, 0x0000000611e00000|  0%| F|  |TAMS 0x0000000611c00000, 0x0000000611c00000| Untracked 
| 111|0x0000000611e00000, 0x0000000611e00000, 0x0000000612000000|  0%| F|  |TAMS 0x0000000611e00000, 0x0000000611e00000| Untracked 
| 112|0x0000000612000000, 0x0000000612000000, 0x0000000612200000|  0%| F|  |TAMS 0x0000000612000000, 0x0000000612000000| Untracked 
| 113|0x0000000612200000, 0x0000000612200000, 0x0000000612400000|  0%| F|  |TAMS 0x0000000612200000, 0x0000000612200000| Untracked 
| 114|0x0000000612400000, 0x0000000612400000, 0x0000000612600000|  0%| F|  |TAMS 0x0000000612400000, 0x0000000612400000| Untracked 
| 115|0x0000000612600000, 0x0000000612600000, 0x0000000612800000|  0%| F|  |TAMS 0x0000000612600000, 0x0000000612600000| Untracked 
| 116|0x0000000612800000, 0x0000000612800000, 0x0000000612a00000|  0%| F|  |TAMS 0x0000000612800000, 0x0000000612800000| Untracked 
| 117|0x0000000612a00000, 0x0000000612a00000, 0x0000000612c00000|  0%| F|  |TAMS 0x0000000612a00000, 0x0000000612a00000| Untracked 
| 118|0x0000000612c00000, 0x0000000612c00000, 0x0000000612e00000|  0%| F|  |TAMS 0x0000000612c00000, 0x0000000612c00000| Untracked 
| 119|0x0000000612e00000, 0x0000000612e00000, 0x0000000613000000|  0%| F|  |TAMS 0x0000000612e00000, 0x0000000612e00000| Untracked 
| 120|0x0000000613000000, 0x0000000613000000, 0x0000000613200000|  0%| F|  |TAMS 0x0000000613000000, 0x0000000613000000| Untracked 
| 121|0x0000000613200000, 0x0000000613200000, 0x0000000613400000|  0%| F|  |TAMS 0x0000000613200000, 0x0000000613200000| Untracked 
| 122|0x0000000613400000, 0x0000000613400000, 0x0000000613600000|  0%| F|  |TAMS 0x0000000613400000, 0x0000000613400000| Untracked 
| 123|0x0000000613600000, 0x0000000613600000, 0x0000000613800000|  0%| F|  |TAMS 0x0000000613600000, 0x0000000613600000| Untracked 
| 124|0x0000000613800000, 0x0000000613800000, 0x0000000613a00000|  0%| F|  |TAMS 0x0000000613800000, 0x0000000613800000| Untracked 
| 125|0x0000000613a00000, 0x0000000613a00000, 0x0000000613c00000|  0%| F|  |TAMS 0x0000000613a00000, 0x0000000613a00000| Untracked 
| 126|0x0000000613c00000, 0x0000000613c00000, 0x0000000613e00000|  0%| F|  |TAMS 0x0000000613c00000, 0x0000000613c00000| Untracked 
| 127|0x0000000613e00000, 0x0000000613e00000, 0x0000000614000000|  0%| F|  |TAMS 0x0000000613e00000, 0x0000000613e00000| Untracked 
| 128|0x0000000614000000, 0x0000000614000000, 0x0000000614200000|  0%| F|  |TAMS 0x0000000614000000, 0x0000000614000000| Untracked 
| 129|0x0000000614200000, 0x0000000614200000, 0x0000000614400000|  0%| F|  |TAMS 0x0000000614200000, 0x0000000614200000| Untracked 
| 130|0x0000000614400000, 0x0000000614400000, 0x0000000614600000|  0%| F|  |TAMS 0x0000000614400000, 0x0000000614400000| Untracked 
| 131|0x0000000614600000, 0x0000000614600000, 0x0000000614800000|  0%| F|  |TAMS 0x0000000614600000, 0x0000000614600000| Untracked 
| 132|0x0000000614800000, 0x0000000614800000, 0x0000000614a00000|  0%| F|  |TAMS 0x0000000614800000, 0x0000000614800000| Untracked 
| 133|0x0000000614a00000, 0x0000000614a00000, 0x0000000614c00000|  0%| F|  |TAMS 0x0000000614a00000, 0x0000000614a00000| Untracked 
| 134|0x0000000614c00000, 0x0000000614c00000, 0x0000000614e00000|  0%| F|  |TAMS 0x0000000614c00000, 0x0000000614c00000| Untracked 
| 135|0x0000000614e00000, 0x0000000614e00000, 0x0000000615000000|  0%| F|  |TAMS 0x0000000614e00000, 0x0000000614e00000| Untracked 
| 136|0x0000000615000000, 0x0000000615000000, 0x0000000615200000|  0%| F|  |TAMS 0x0000000615000000, 0x0000000615000000| Untracked 
| 137|0x0000000615200000, 0x0000000615200000, 0x0000000615400000|  0%| F|  |TAMS 0x0000000615200000, 0x0000000615200000| Untracked 
| 138|0x0000000615400000, 0x0000000615400000, 0x0000000615600000|  0%| F|  |TAMS 0x0000000615400000, 0x0000000615400000| Untracked 
| 139|0x0000000615600000, 0x0000000615600000, 0x0000000615800000|  0%| F|  |TAMS 0x0000000615600000, 0x0000000615600000| Untracked 
| 140|0x0000000615800000, 0x0000000615800000, 0x0000000615a00000|  0%| F|  |TAMS 0x0000000615800000, 0x0000000615800000| Untracked 
| 141|0x0000000615a00000, 0x0000000615a00000, 0x0000000615c00000|  0%| F|  |TAMS 0x0000000615a00000, 0x0000000615a00000| Untracked 
| 142|0x0000000615c00000, 0x0000000615c00000, 0x0000000615e00000|  0%| F|  |TAMS 0x0000000615c00000, 0x0000000615c00000| Untracked 
| 143|0x0000000615e00000, 0x0000000615e00000, 0x0000000616000000|  0%| F|  |TAMS 0x0000000615e00000, 0x0000000615e00000| Untracked 
| 144|0x0000000616000000, 0x0000000616000000, 0x0000000616200000|  0%| F|  |TAMS 0x0000000616000000, 0x0000000616000000| Untracked 
| 145|0x0000000616200000, 0x0000000616200000, 0x0000000616400000|  0%| F|  |TAMS 0x0000000616200000, 0x0000000616200000| Untracked 
| 146|0x0000000616400000, 0x0000000616400000, 0x0000000616600000|  0%| F|  |TAMS 0x0000000616400000, 0x0000000616400000| Untracked 
| 147|0x0000000616600000, 0x0000000616600000, 0x0000000616800000|  0%| F|  |TAMS 0x0000000616600000, 0x0000000616600000| Untracked 
| 148|0x0000000616800000, 0x0000000616800000, 0x0000000616a00000|  0%| F|  |TAMS 0x0000000616800000, 0x0000000616800000| Untracked 
| 149|0x0000000616a00000, 0x0000000616a00000, 0x0000000616c00000|  0%| F|  |TAMS 0x0000000616a00000, 0x0000000616a00000| Untracked 
| 150|0x0000000616c00000, 0x0000000616c00000, 0x0000000616e00000|  0%| F|  |TAMS 0x0000000616c00000, 0x0000000616c00000| Untracked 
| 151|0x0000000616e00000, 0x0000000616e00000, 0x0000000617000000|  0%| F|  |TAMS 0x0000000616e00000, 0x0000000616e00000| Untracked 
| 152|0x0000000617000000, 0x0000000617000000, 0x0000000617200000|  0%| F|  |TAMS 0x0000000617000000, 0x0000000617000000| Untracked 
| 153|0x0000000617200000, 0x0000000617200000, 0x0000000617400000|  0%| F|  |TAMS 0x0000000617200000, 0x0000000617200000| Untracked 
| 154|0x0000000617400000, 0x0000000617400000, 0x0000000617600000|  0%| F|  |TAMS 0x0000000617400000, 0x0000000617400000| Untracked 
| 155|0x0000000617600000, 0x0000000617600000, 0x0000000617800000|  0%| F|  |TAMS 0x0000000617600000, 0x0000000617600000| Untracked 
| 156|0x0000000617800000, 0x0000000617800000, 0x0000000617a00000|  0%| F|  |TAMS 0x0000000617800000, 0x0000000617800000| Untracked 
| 157|0x0000000617a00000, 0x0000000617a00000, 0x0000000617c00000|  0%| F|  |TAMS 0x0000000617a00000, 0x0000000617a00000| Untracked 
| 158|0x0000000617c00000, 0x0000000617c00000, 0x0000000617e00000|  0%| F|  |TAMS 0x0000000617c00000, 0x0000000617c00000| Untracked 
| 159|0x0000000617e00000, 0x0000000617e00000, 0x0000000618000000|  0%| F|  |TAMS 0x0000000617e00000, 0x0000000617e00000| Untracked 
| 160|0x0000000618000000, 0x0000000618000000, 0x0000000618200000|  0%| F|  |TAMS 0x0000000618000000, 0x0000000618000000| Untracked 
| 161|0x0000000618200000, 0x0000000618200000, 0x0000000618400000|  0%| F|  |TAMS 0x0000000618200000, 0x0000000618200000| Untracked 
| 162|0x0000000618400000, 0x0000000618400000, 0x0000000618600000|  0%| F|  |TAMS 0x0000000618400000, 0x0000000618400000| Untracked 
| 163|0x0000000618600000, 0x0000000618600000, 0x0000000618800000|  0%| F|  |TAMS 0x0000000618600000, 0x0000000618600000| Untracked 
| 164|0x0000000618800000, 0x0000000618800000, 0x0000000618a00000|  0%| F|  |TAMS 0x0000000618800000, 0x0000000618800000| Untracked 
| 165|0x0000000618a00000, 0x0000000618a00000, 0x0000000618c00000|  0%| F|  |TAMS 0x0000000618a00000, 0x0000000618a00000| Untracked 
| 166|0x0000000618c00000, 0x0000000618c00000, 0x0000000618e00000|  0%| F|  |TAMS 0x0000000618c00000, 0x0000000618c00000| Untracked 
| 167|0x0000000618e00000, 0x0000000618e00000, 0x0000000619000000|  0%| F|  |TAMS 0x0000000618e00000, 0x0000000618e00000| Untracked 
| 168|0x0000000619000000, 0x0000000619000000, 0x0000000619200000|  0%| F|  |TAMS 0x0000000619000000, 0x0000000619000000| Untracked 
| 169|0x0000000619200000, 0x0000000619200000, 0x0000000619400000|  0%| F|  |TAMS 0x0000000619200000, 0x0000000619200000| Untracked 
| 170|0x0000000619400000, 0x0000000619400000, 0x0000000619600000|  0%| F|  |TAMS 0x0000000619400000, 0x0000000619400000| Untracked 
| 171|0x0000000619600000, 0x0000000619600000, 0x0000000619800000|  0%| F|  |TAMS 0x0000000619600000, 0x0000000619600000| Untracked 
| 172|0x0000000619800000, 0x0000000619800000, 0x0000000619a00000|  0%| F|  |TAMS 0x0000000619800000, 0x0000000619800000| Untracked 
| 173|0x0000000619a00000, 0x0000000619a00000, 0x0000000619c00000|  0%| F|  |TAMS 0x0000000619a00000, 0x0000000619a00000| Untracked 
| 174|0x0000000619c00000, 0x0000000619c00000, 0x0000000619e00000|  0%| F|  |TAMS 0x0000000619c00000, 0x0000000619c00000| Untracked 
| 175|0x0000000619e00000, 0x0000000619e00000, 0x000000061a000000|  0%| F|  |TAMS 0x0000000619e00000, 0x0000000619e00000| Untracked 
| 176|0x000000061a000000, 0x000000061a000000, 0x000000061a200000|  0%| F|  |TAMS 0x000000061a000000, 0x000000061a000000| Untracked 
| 177|0x000000061a200000, 0x000000061a200000, 0x000000061a400000|  0%| F|  |TAMS 0x000000061a200000, 0x000000061a200000| Untracked 
| 178|0x000000061a400000, 0x000000061a400000, 0x000000061a600000|  0%| F|  |TAMS 0x000000061a400000, 0x000000061a400000| Untracked 
| 179|0x000000061a600000, 0x000000061a600000, 0x000000061a800000|  0%| F|  |TAMS 0x000000061a600000, 0x000000061a600000| Untracked 
| 180|0x000000061a800000, 0x000000061a800000, 0x000000061aa00000|  0%| F|  |TAMS 0x000000061a800000, 0x000000061a800000| Untracked 
| 181|0x000000061aa00000, 0x000000061aa00000, 0x000000061ac00000|  0%| F|  |TAMS 0x000000061aa00000, 0x000000061aa00000| Untracked 
| 182|0x000000061ac00000, 0x000000061ac00000, 0x000000061ae00000|  0%| F|  |TAMS 0x000000061ac00000, 0x000000061ac00000| Untracked 
| 183|0x000000061ae00000, 0x000000061ae00000, 0x000000061b000000|  0%| F|  |TAMS 0x000000061ae00000, 0x000000061ae00000| Untracked 
| 184|0x000000061b000000, 0x000000061b000000, 0x000000061b200000|  0%| F|  |TAMS 0x000000061b000000, 0x000000061b000000| Untracked 
| 185|0x000000061b200000, 0x000000061b200000, 0x000000061b400000|  0%| F|  |TAMS 0x000000061b200000, 0x000000061b200000| Untracked 
| 186|0x000000061b400000, 0x000000061b400000, 0x000000061b600000|  0%| F|  |TAMS 0x000000061b400000, 0x000000061b400000| Untracked 
| 187|0x000000061b600000, 0x000000061b600000, 0x000000061b800000|  0%| F|  |TAMS 0x000000061b600000, 0x000000061b600000| Untracked 
| 188|0x000000061b800000, 0x000000061b800000, 0x000000061ba00000|  0%| F|  |TAMS 0x000000061b800000, 0x000000061b800000| Untracked 
| 189|0x000000061ba00000, 0x000000061ba00000, 0x000000061bc00000|  0%| F|  |TAMS 0x000000061ba00000, 0x000000061ba00000| Untracked 
| 190|0x000000061bc00000, 0x000000061bc00000, 0x000000061be00000|  0%| F|  |TAMS 0x000000061bc00000, 0x000000061bc00000| Untracked 
| 191|0x000000061be00000, 0x000000061be00000, 0x000000061c000000|  0%| F|  |TAMS 0x000000061be00000, 0x000000061be00000| Untracked 
| 192|0x000000061c000000, 0x000000061c000000, 0x000000061c200000|  0%| F|  |TAMS 0x000000061c000000, 0x000000061c000000| Untracked 
| 193|0x000000061c200000, 0x000000061c200000, 0x000000061c400000|  0%| F|  |TAMS 0x000000061c200000, 0x000000061c200000| Untracked 
| 194|0x000000061c400000, 0x000000061c400000, 0x000000061c600000|  0%| F|  |TAMS 0x000000061c400000, 0x000000061c400000| Untracked 
| 195|0x000000061c600000, 0x000000061c600000, 0x000000061c800000|  0%| F|  |TAMS 0x000000061c600000, 0x000000061c600000| Untracked 
| 196|0x000000061c800000, 0x000000061c800000, 0x000000061ca00000|  0%| F|  |TAMS 0x000000061c800000, 0x000000061c800000| Untracked 
| 197|0x000000061ca00000, 0x000000061ca00000, 0x000000061cc00000|  0%| F|  |TAMS 0x000000061ca00000, 0x000000061ca00000| Untracked 
| 198|0x000000061cc00000, 0x000000061cc00000, 0x000000061ce00000|  0%| F|  |TAMS 0x000000061cc00000, 0x000000061cc00000| Untracked 
| 199|0x000000061ce00000, 0x000000061ce00000, 0x000000061d000000|  0%| F|  |TAMS 0x000000061ce00000, 0x000000061ce00000| Untracked 
| 200|0x000000061d000000, 0x000000061d000000, 0x000000061d200000|  0%| F|  |TAMS 0x000000061d000000, 0x000000061d000000| Untracked 
| 201|0x000000061d200000, 0x000000061d200000, 0x000000061d400000|  0%| F|  |TAMS 0x000000061d200000, 0x000000061d200000| Untracked 
| 202|0x000000061d400000, 0x000000061d400000, 0x000000061d600000|  0%| F|  |TAMS 0x000000061d400000, 0x000000061d400000| Untracked 
| 203|0x000000061d600000, 0x000000061d600000, 0x000000061d800000|  0%| F|  |TAMS 0x000000061d600000, 0x000000061d600000| Untracked 
| 204|0x000000061d800000, 0x000000061d800000, 0x000000061da00000|  0%| F|  |TAMS 0x000000061d800000, 0x000000061d800000| Untracked 
| 205|0x000000061da00000, 0x000000061da00000, 0x000000061dc00000|  0%| F|  |TAMS 0x000000061da00000, 0x000000061da00000| Untracked 
| 206|0x000000061dc00000, 0x000000061dc00000, 0x000000061de00000|  0%| F|  |TAMS 0x000000061dc00000, 0x000000061dc00000| Untracked 
| 207|0x000000061de00000, 0x000000061de00000, 0x000000061e000000|  0%| F|  |TAMS 0x000000061de00000, 0x000000061de00000| Untracked 
| 208|0x000000061e000000, 0x000000061e000000, 0x000000061e200000|  0%| F|  |TAMS 0x000000061e000000, 0x000000061e000000| Untracked 
| 209|0x000000061e200000, 0x000000061e200000, 0x000000061e400000|  0%| F|  |TAMS 0x000000061e200000, 0x000000061e200000| Untracked 
| 210|0x000000061e400000, 0x000000061e400000, 0x000000061e600000|  0%| F|  |TAMS 0x000000061e400000, 0x000000061e400000| Untracked 
| 211|0x000000061e600000, 0x000000061e600000, 0x000000061e800000|  0%| F|  |TAMS 0x000000061e600000, 0x000000061e600000| Untracked 
| 212|0x000000061e800000, 0x000000061e800000, 0x000000061ea00000|  0%| F|  |TAMS 0x000000061e800000, 0x000000061e800000| Untracked 
| 213|0x000000061ea00000, 0x000000061ea00000, 0x000000061ec00000|  0%| F|  |TAMS 0x000000061ea00000, 0x000000061ea00000| Untracked 
| 214|0x000000061ec00000, 0x000000061ec00000, 0x000000061ee00000|  0%| F|  |TAMS 0x000000061ec00000, 0x000000061ec00000| Untracked 
| 215|0x000000061ee00000, 0x000000061ee00000, 0x000000061f000000|  0%| F|  |TAMS 0x000000061ee00000, 0x000000061ee00000| Untracked 
| 216|0x000000061f000000, 0x000000061f000000, 0x000000061f200000|  0%| F|  |TAMS 0x000000061f000000, 0x000000061f000000| Untracked 
| 217|0x000000061f200000, 0x000000061f200000, 0x000000061f400000|  0%| F|  |TAMS 0x000000061f200000, 0x000000061f200000| Untracked 
| 218|0x000000061f400000, 0x000000061f400000, 0x000000061f600000|  0%| F|  |TAMS 0x000000061f400000, 0x000000061f400000| Untracked 
| 219|0x000000061f600000, 0x000000061f600000, 0x000000061f800000|  0%| F|  |TAMS 0x000000061f600000, 0x000000061f600000| Untracked 
| 220|0x000000061f800000, 0x000000061f800000, 0x000000061fa00000|  0%| F|  |TAMS 0x000000061f800000, 0x000000061f800000| Untracked 
| 221|0x000000061fa00000, 0x000000061fa00000, 0x000000061fc00000|  0%| F|  |TAMS 0x000000061fa00000, 0x000000061fa00000| Untracked 
| 222|0x000000061fc00000, 0x000000061fc00000, 0x000000061fe00000|  0%| F|  |TAMS 0x000000061fc00000, 0x000000061fc00000| Untracked 
| 223|0x000000061fe00000, 0x000000061fe00000, 0x0000000620000000|  0%| F|  |TAMS 0x000000061fe00000, 0x000000061fe00000| Untracked 
| 224|0x0000000620000000, 0x0000000620000000, 0x0000000620200000|  0%| F|  |TAMS 0x0000000620000000, 0x0000000620000000| Untracked 
| 225|0x0000000620200000, 0x0000000620200000, 0x0000000620400000|  0%| F|  |TAMS 0x0000000620200000, 0x0000000620200000| Untracked 
| 226|0x0000000620400000, 0x0000000620400000, 0x0000000620600000|  0%| F|  |TAMS 0x0000000620400000, 0x0000000620400000| Untracked 
| 227|0x0000000620600000, 0x0000000620600000, 0x0000000620800000|  0%| F|  |TAMS 0x0000000620600000, 0x0000000620600000| Untracked 
| 228|0x0000000620800000, 0x0000000620800000, 0x0000000620a00000|  0%| F|  |TAMS 0x0000000620800000, 0x0000000620800000| Untracked 
| 229|0x0000000620a00000, 0x0000000620a00000, 0x0000000620c00000|  0%| F|  |TAMS 0x0000000620a00000, 0x0000000620a00000| Untracked 
| 230|0x0000000620c00000, 0x0000000620c00000, 0x0000000620e00000|  0%| F|  |TAMS 0x0000000620c00000, 0x0000000620c00000| Untracked 
| 231|0x0000000620e00000, 0x0000000620e00000, 0x0000000621000000|  0%| F|  |TAMS 0x0000000620e00000, 0x0000000620e00000| Untracked 
| 232|0x0000000621000000, 0x0000000621000000, 0x0000000621200000|  0%| F|  |TAMS 0x0000000621000000, 0x0000000621000000| Untracked 
| 233|0x0000000621200000, 0x0000000621200000, 0x0000000621400000|  0%| F|  |TAMS 0x0000000621200000, 0x0000000621200000| Untracked 
| 234|0x0000000621400000, 0x0000000621400000, 0x0000000621600000|  0%| F|  |TAMS 0x0000000621400000, 0x0000000621400000| Untracked 
| 235|0x0000000621600000, 0x0000000621600000, 0x0000000621800000|  0%| F|  |TAMS 0x0000000621600000, 0x0000000621600000| Untracked 
| 236|0x0000000621800000, 0x0000000621800000, 0x0000000621a00000|  0%| F|  |TAMS 0x0000000621800000, 0x0000000621800000| Untracked 
| 237|0x0000000621a00000, 0x0000000621a00000, 0x0000000621c00000|  0%| F|  |TAMS 0x0000000621a00000, 0x0000000621a00000| Untracked 
| 238|0x0000000621c00000, 0x0000000621c00000, 0x0000000621e00000|  0%| F|  |TAMS 0x0000000621c00000, 0x0000000621c00000| Untracked 
| 239|0x0000000621e00000, 0x0000000621e00000, 0x0000000622000000|  0%| F|  |TAMS 0x0000000621e00000, 0x0000000621e00000| Untracked 
| 240|0x0000000622000000, 0x000000062214a088, 0x0000000622200000| 64%| S|CS|TAMS 0x0000000622000000, 0x0000000622000000| Complete 
| 241|0x0000000622200000, 0x0000000622400000, 0x0000000622400000|100%| S|CS|TAMS 0x0000000622200000, 0x0000000622200000| Complete 
| 242|0x0000000622400000, 0x0000000622400000, 0x0000000622600000|  0%| F|  |TAMS 0x0000000622400000, 0x0000000622400000| Untracked 
| 243|0x0000000622600000, 0x0000000622600000, 0x0000000622800000|  0%| F|  |TAMS 0x0000000622600000, 0x0000000622600000| Untracked 
| 244|0x0000000622800000, 0x0000000622800000, 0x0000000622a00000|  0%| F|  |TAMS 0x0000000622800000, 0x0000000622800000| Untracked 
| 245|0x0000000622a00000, 0x0000000622b00800, 0x0000000622c00000| 50%| E|  |TAMS 0x0000000622a00000, 0x0000000622a00000| Complete 
| 246|0x0000000622c00000, 0x0000000622e00000, 0x0000000622e00000|100%| E|CS|TAMS 0x0000000622c00000, 0x0000000622c00000| Complete 
| 247|0x0000000622e00000, 0x0000000623000000, 0x0000000623000000|100%| E|CS|TAMS 0x0000000622e00000, 0x0000000622e00000| Complete 
| 248|0x0000000623000000, 0x0000000623200000, 0x0000000623200000|100%| E|CS|TAMS 0x0000000623000000, 0x0000000623000000| Complete 
| 249|0x0000000623200000, 0x0000000623400000, 0x0000000623400000|100%| E|CS|TAMS 0x0000000623200000, 0x0000000623200000| Complete 
| 250|0x0000000623400000, 0x0000000623600000, 0x0000000623600000|100%| E|CS|TAMS 0x0000000623400000, 0x0000000623400000| Complete 
| 251|0x0000000623600000, 0x0000000623800000, 0x0000000623800000|100%| E|CS|TAMS 0x0000000623600000, 0x0000000623600000| Complete 
| 252|0x0000000623800000, 0x0000000623a00000, 0x0000000623a00000|100%| E|CS|TAMS 0x0000000623800000, 0x0000000623800000| Complete 
| 253|0x0000000623a00000, 0x0000000623c00000, 0x0000000623c00000|100%| E|CS|TAMS 0x0000000623a00000, 0x0000000623a00000| Complete 

Card table byte_map: [0x000002affc1c0000,0x000002affd1a0000] _byte_map_base: 0x000002aff91a0000

Marking Bits (Prev, Next): (CMBitMap*) 0x000002affa3a5538, (CMBitMap*) 0x000002affa3a5570
 Prev Bits: [0x000002af97230000, 0x000002af9f130000)
 Next Bits: [0x000002af9f130000, 0x000002afa7030000)

Polling page: 0x000002aff75a0000

Metaspace:

Usage:
  Non-class:     18.12 MB capacity,    17.90 MB ( 99%) used,   171.80 KB ( <1%) free+waste,    47.94 KB ( <1%) overhead. 
      Class:      2.12 MB capacity,     1.91 MB ( 90%) used,   194.66 KB (  9%) free+waste,    24.44 KB (  1%) overhead. 
       Both:     20.24 MB capacity,    19.81 MB ( 98%) used,   366.46 KB (  2%) free+waste,    72.38 KB ( <1%) overhead. 

Virtual space:
  Non-class space:       20.00 MB reserved,      18.25 MB ( 91%) committed 
      Class space:        1.00 GB reserved,       2.13 MB ( <1%) committed 
             Both:        1.02 GB reserved,      20.38 MB (  2%) committed 

Chunk freelists:
   Non-Class:  896 bytes
       Class:  384 bytes
        Both:  1.25 KB

CodeHeap 'non-profiled nmethods': size=119168Kb used=428Kb max_used=428Kb free=118740Kb
 bounds [0x000002af8fdd0000, 0x000002af90040000, 0x000002af97230000]
CodeHeap 'profiled nmethods': size=119168Kb used=2519Kb max_used=2519Kb free=116648Kb
 bounds [0x000002af88970000, 0x000002af88bf0000, 0x000002af8fdd0000]
CodeHeap 'non-nmethods': size=7424Kb used=3101Kb max_used=3118Kb free=4322Kb
 bounds [0x000002af88230000, 0x000002af88540000, 0x000002af88970000]
 total_blobs=2399 nmethods=1292 adapters=782
 compilation: enabled
              stopped_count=0, restarted_count=0
 full_count=0

Compilation events (10 events):
Event: 0.771 Thread 0x000002afffc28800 1289       3       java.nio.HeapCharBuffer::ix (7 bytes)
Event: 0.771 Thread 0x000002afb3429800 1290       3       java.nio.CharBuffer::charAt (16 bytes)
Event: 0.771 Thread 0x000002afb3484000 1291       3       java.nio.HeapCharBuffer::get (15 bytes)
Event: 0.771 Thread 0x000002afffc28800 nmethod 1289 0x000002af88be4510 code [0x000002af88be46c0, 0x000002af88be4818]
Event: 0.771 Thread 0x000002afffc28800 1292       3       java.util.regex.Pattern$$Lambda$133/0x00000008001dac40::is (5 bytes)
Event: 0.771 Thread 0x000002afffaeb000 nmethod 1288 0x000002af88be4890 code [0x000002af88be4a60, 0x000002af88be4d10]
Event: 0.771 Thread 0x000002afb3484000 nmethod 1291 0x000002af88be4e10 code [0x000002af88be4fe0, 0x000002af88be5218]
Event: 0.771 Thread 0x000002afffc28800 nmethod 1292 0x000002af88be5390 code [0x000002af88be5540, 0x000002af88be56f8]
Event: 0.771 Thread 0x000002afb3429800 nmethod 1290 0x000002af88be5790 code [0x000002af88be5980, 0x000002af88be5d80]
Event: 0.772 Thread 0x000002afffae4800 nmethod 1287 0x000002af8fe3ab10 code [0x000002af8fe3aca0, 0x000002af8fe3aeb8]

GC Heap History (2 events):
Event: 0.588 GC heap before
{Heap before GC invocations=0 (full 0):
 garbage-first heap   total 520192K, used 22528K [0x0000000604000000, 0x0000000800000000)
  region size 2048K, 12 young (24576K), 0 survivors (0K)
 Metaspace       used 15756K, capacity 15973K, committed 16128K, reserved 1064960K
  class space    used 1364K, capacity 1473K, committed 1536K, reserved 1048576K
}
Event: 0.612 GC heap after
{Heap after GC invocations=1 (full 0):
 garbage-first heap   total 520192K, used 3368K [0x0000000604000000, 0x0000000800000000)
  region size 2048K, 2 young (4096K), 2 survivors (4096K)
 Metaspace       used 15756K, capacity 15973K, committed 16128K, reserved 1064960K
  class space    used 1364K, capacity 1473K, committed 1536K, reserved 1048576K
}

Deoptimization events (10 events):
Event: 0.676 Thread 0x000002affa31a800 Uncommon trap: reason=unstable_if action=reinterpret pc=0x000002af8fe1bf84 method=java.lang.Integer.getChars(II[B)I @ 25 c2
Event: 0.676 Thread 0x000002affa31a800 Uncommon trap: reason=unstable_if action=reinterpret pc=0x000002af8fe1b2e0 method=java.lang.Integer.getChars(II[B)I @ 25 c2
Event: 0.676 Thread 0x000002affa31a800 Uncommon trap: reason=unstable_if action=reinterpret pc=0x000002af8fe1aa24 method=java.lang.Integer.getChars(II[B)I @ 25 c2
Event: 0.686 Thread 0x000002affa31a800 Uncommon trap: reason=unstable_if action=reinterpret pc=0x000002af8fe0d03c method=jdk.internal.org.objectweb.asm.Frame.execute(IILjdk/internal/org/objectweb/asm/ClassWriter;Ljdk/internal/org/objectweb/asm/Item;)V @ 1 c2
Event: 0.701 Thread 0x000002affa31a800 Uncommon trap: reason=unstable_if action=reinterpret pc=0x000002af8fe11a3c method=java.lang.String.startsWith(Ljava/lang/String;I)Z @ 14 c2
Event: 0.706 Thread 0x000002affa31a800 Uncommon trap: reason=bimorphic_or_optimized_type_check action=maybe_recompile pc=0x000002af8fe1a3bc method=java.util.HashMap.getNode(ILjava/lang/Object;)Ljava/util/HashMap$Node; @ 59 c2
Event: 0.706 Thread 0x000002affa31a800 Uncommon trap: reason=bimorphic_or_optimized_type_check action=maybe_recompile pc=0x000002af8fe1a3bc method=java.util.HashMap.getNode(ILjava/lang/Object;)Ljava/util/HashMap$Node; @ 59 c2
Event: 0.770 Thread 0x000002afaabbb800 Uncommon trap: reason=unstable_if action=reinterpret pc=0x000002af8fe05700 method=java.lang.AbstractStringBuilder.putStringAt(ILjava/lang/String;)V @ 8 c2
Event: 0.770 Thread 0x000002afaabbb800 Uncommon trap: reason=unstable_if action=reinterpret pc=0x000002af8fdfc6f0 method=java.lang.AbstractStringBuilder.putStringAt(ILjava/lang/String;)V @ 8 c2
Event: 0.770 Thread 0x000002afaabbb800 Uncommon trap: reason=unstable_if action=reinterpret pc=0x000002af8fe1315c method=java.lang.AbstractStringBuilder.isLatin1()Z @ 10 c2

Classes redefined (0 events):
No events

Internal exceptions (10 events):
Event: 0.672 Thread 0x000002affa31a800 Exception <a 'java/lang/NoSuchMethodError'{0x00000006235f7338}: java.lang.invoke.DirectMethodHandle$Holder.invokeStatic(Ljava/lang/Object;ILjava/lang/Object;Ljava/lang/Object;Ljava/lang/Object;)Ljava/lang/Object;> (0x00000006235f7338) thrown at [t:/worksp
Event: 0.672 Thread 0x000002affa31a800 Exception <a 'java/lang/NoSuchMethodError'{0x00000006235fae78}: java.lang.invoke.DirectMethodHandle$Holder.invokeSpecial(Ljava/lang/Object;Ljava/lang/Object;ILjava/lang/Object;Ljava/lang/Object;Ljava/lang/Object;)Ljava/lang/Object;> (0x00000006235fae78) t
Event: 0.679 Thread 0x000002affa31a800 Exception <a 'java/lang/ClassNotFoundException'{0x00000006233c20c8}: com/sun/swing/internal/plaf/metal/resources/spi/metalProvider> (0x00000006233c20c8) thrown at [t:/workspace/open/src/hotspot/share/classfile/systemDictionary.cpp, line 231]
Event: 0.679 Thread 0x000002affa31a800 Exception <a 'java/lang/ClassNotFoundException'{0x00000006233c61c8}: com/sun/swing/internal/plaf/basic/resources/spi/basicProvider> (0x00000006233c61c8) thrown at [t:/workspace/open/src/hotspot/share/classfile/systemDictionary.cpp, line 231]
Event: 0.690 Thread 0x000002affa31a800 Exception <a 'java/lang/NoSuchMethodError'{0x000000062302f8a8}: java.lang.invoke.DirectMethodHandle$Holder.invokeStaticInit(Ljava/lang/Object;)V> (0x000000062302f8a8) thrown at [t:/workspace/open/src/hotspot/share/interpreter/linkResolver.cpp, line 772]
Event: 0.702 Thread 0x000002affa31a800 Exception <a 'java/lang/NoSuchMethodError'{0x0000000622f71960}: java.lang.invoke.DirectMethodHandle$Holder.invokeStatic(Ljava/lang/Object;Ljava/lang/Object;Ljava/lang/Object;Ljava/lang/Object;Ljava/lang/Object;Ljava/lang/Object;Ljava/lang/Object;Ljava/lan
Event: 0.703 Thread 0x000002affa31a800 Exception <a 'java/lang/NoSuchMethodError'{0x0000000622f900e0}: java.lang.invoke.DirectMethodHandle$Holder.invokeStatic(Ljava/lang/Object;Ljava/lang/Object;Ljava/lang/Object;Ljava/lang/Object;Ljava/lang/Object;Ljava/lang/Object;Ljava/lang/Object;Ljava/lan
Event: 0.703 Thread 0x000002affa31a800 Exception <a 'java/lang/NoSuchMethodError'{0x0000000622faf070}: java.lang.invoke.DirectMethodHandle$Holder.invokeStatic(Ljava/lang/Object;Ljava/lang/Object;Ljava/lang/Object;Ljava/lang/Object;Ljava/lang/Object;Ljava/lang/Object;Ljava/lang/Object;Ljava/lan
Event: 0.704 Thread 0x000002affa31a800 Exception <a 'java/lang/NoSuchMethodError'{0x0000000622fbb0c8}: java.lang.invoke.Invokers$Holder.linkToTargetMethod(Ljava/lang/Object;ILjava/lang/Object;)Ljava/lang/Object;> (0x0000000622fbb0c8) thrown at [t:/workspace/open/src/hotspot/share/interpreter/l
Event: 0.714 Thread 0x000002affa31a800 Exception <a 'java/lang/reflect/InvocationTargetException'{0x0000000622fd8fe8}> (0x0000000622fd8fe8) thrown at [t:/workspace/open/src/hotspot/share/runtime/reflection.cpp, line 1242]

Events (10 events):
Event: 0.770 Thread 0x000002afaabbb800 DEOPT PACKING pc=0x000002af8fe1315c sp=0x000000bb85dfb2d0
Event: 0.770 Thread 0x000002afaabbb800 DEOPT UNPACKING pc=0x000002af882591af sp=0x000000bb85dfb250 mode 2
Event: 0.771 loading class sun/nio/ch/Util
Event: 0.771 loading class sun/nio/ch/Util done
Event: 0.771 loading class sun/nio/ch/Util$1
Event: 0.771 loading class sun/nio/ch/Util$1 done
Event: 0.771 loading class sun/nio/ch/Util$BufferCache
Event: 0.771 loading class sun/nio/ch/Util$BufferCache done
Event: 0.771 loading class sun/nio/ch/IOStatus
Event: 0.771 loading class sun/nio/ch/IOStatus done


Dynamic libraries:
0x00007ff624640000 - 0x00007ff624685000 	C:\Users\IlijaPC\Downloads\openjdk-11_windows-x64_bin\jdk-11\bin\javaw.exe
0x00007ffeb9930000 - 0x00007ffeb9b44000 	C:\WINDOWS\SYSTEM32\ntdll.dll
0x00007ffeb7ad0000 - 0x00007ffeb7b94000 	C:\WINDOWS\System32\KERNEL32.DLL
0x00007ffeb6ea0000 - 0x00007ffeb7244000 	C:\WINDOWS\System32\KERNELBASE.dll
0x00007ffe8d780000 - 0x00007ffe8d855000 	C:\Program Files\Bitdefender\Bitdefender Security\bdhkm\dlls_266758771698845320\bdhkm64.dll
0x00007ffe8d620000 - 0x00007ffe8d779000 	C:\Program Files\Bitdefender\Bitdefender Security\atcuf\dlls_266758771675102077\atcuf64.dll
0x00007ffeb95e0000 - 0x00007ffeb978e000 	C:\WINDOWS\System32\USER32.dll
0x00007ffeb7250000 - 0x00007ffeb7276000 	C:\WINDOWS\System32\win32u.dll
0x00007ffeb7ea0000 - 0x00007ffeb7ec9000 	C:\WINDOWS\System32\GDI32.dll
0x00007ffeb75a0000 - 0x00007ffeb76b8000 	C:\WINDOWS\System32\gdi32full.dll
0x00007ffeb6e00000 - 0x00007ffeb6e9a000 	C:\WINDOWS\System32\msvcp_win.dll
0x00007ffeb6ce0000 - 0x00007ffeb6df1000 	C:\WINDOWS\System32\ucrtbase.dll
0x00007ffe8a8a0000 - 0x00007ffe8ab33000 	C:\WINDOWS\WinSxS\amd64_microsoft.windows.common-controls_6595b64144ccf1df_6.0.22621.2215_none_270d72677387dfc3\COMCTL32.dll
0x00007ffeb8ef0000 - 0x00007ffeb8f97000 	C:\WINDOWS\System32\msvcrt.dll
0x00007ffeb8620000 - 0x00007ffeb8651000 	C:\WINDOWS\System32\IMM32.DLL
0x00007ffe97140000 - 0x00007ffe97156000 	C:\Users\IlijaPC\Downloads\openjdk-11_windows-x64_bin\jdk-11\bin\vcruntime140.dll
0x00007ffe64020000 - 0x00007ffe640ca000 	C:\Users\IlijaPC\Downloads\openjdk-11_windows-x64_bin\jdk-11\bin\msvcp140.dll
0x00007ffe4cb70000 - 0x00007ffe4d6b1000 	C:\Users\IlijaPC\Downloads\openjdk-11_windows-x64_bin\jdk-11\bin\server\jvm.dll
0x00007ffeb8fa0000 - 0x00007ffeb9050000 	C:\WINDOWS\System32\ADVAPI32.dll
0x00007ffeb7f20000 - 0x00007ffeb7fc6000 	C:\WINDOWS\System32\sechost.dll
0x00007ffeb7cf0000 - 0x00007ffeb7e07000 	C:\WINDOWS\System32\RPCRT4.dll
0x00007ffeb9870000 - 0x00007ffeb9878000 	C:\WINDOWS\System32\PSAPI.DLL
0x00007ffeaefc0000 - 0x00007ffeaefc9000 	C:\WINDOWS\SYSTEM32\WSOCK32.dll
0x00007ffeb9400000 - 0x00007ffeb9471000 	C:\WINDOWS\System32\WS2_32.dll
0x00007ffeb1930000 - 0x00007ffeb1964000 	C:\WINDOWS\SYSTEM32\WINMM.dll
0x00007ffeb1780000 - 0x00007ffeb178a000 	C:\WINDOWS\SYSTEM32\VERSION.dll
0x00007ffeb5d50000 - 0x00007ffeb5d68000 	C:\WINDOWS\SYSTEM32\kernel.appcore.dll
0x00007ffe8f420000 - 0x00007ffe8f431000 	C:\Users\IlijaPC\Downloads\openjdk-11_windows-x64_bin\jdk-11\bin\verify.dll
0x00007ffeb46e0000 - 0x00007ffeb490e000 	C:\WINDOWS\SYSTEM32\DBGHELP.DLL
0x00007ffeb76c0000 - 0x00007ffeb7a4a000 	C:\WINDOWS\System32\combase.dll
0x00007ffeb9790000 - 0x00007ffeb9867000 	C:\WINDOWS\System32\OLEAUT32.dll
0x00007ffeaab60000 - 0x00007ffeaab92000 	C:\WINDOWS\SYSTEM32\dbgcore.DLL
0x00007ffeb7520000 - 0x00007ffeb759a000 	C:\WINDOWS\System32\bcryptPrimitives.dll
0x00007ffe8c710000 - 0x00007ffe8c738000 	C:\Users\IlijaPC\Downloads\openjdk-11_windows-x64_bin\jdk-11\bin\java.dll
0x00007ffe8f200000 - 0x00007ffe8f216000 	C:\Users\IlijaPC\Downloads\openjdk-11_windows-x64_bin\jdk-11\bin\zip.dll
0x00007ffeb18b0000 - 0x00007ffeb18ba000 	C:\Users\IlijaPC\Downloads\openjdk-11_windows-x64_bin\jdk-11\bin\jimage.dll
0x00007ffeb86c0000 - 0x00007ffeb8ee3000 	C:\WINDOWS\System32\SHELL32.dll
0x00007ffeb4c30000 - 0x00007ffeb551a000 	C:\WINDOWS\SYSTEM32\windows.storage.dll
0x00007ffeb4af0000 - 0x00007ffeb4c2e000 	C:\WINDOWS\SYSTEM32\wintypes.dll
0x00007ffeb9160000 - 0x00007ffeb9253000 	C:\WINDOWS\System32\SHCORE.dll
0x00007ffeb9100000 - 0x00007ffeb915e000 	C:\WINDOWS\System32\shlwapi.dll
0x00007ffeb6c10000 - 0x00007ffeb6c36000 	C:\WINDOWS\SYSTEM32\profapi.dll
0x00007ffe7e740000 - 0x00007ffe7e759000 	C:\Users\IlijaPC\Downloads\openjdk-11_windows-x64_bin\jdk-11\bin\net.dll
0x00007ffeb1540000 - 0x00007ffeb1677000 	C:\WINDOWS\SYSTEM32\WINHTTP.dll
0x00007ffeb6250000 - 0x00007ffeb62b9000 	C:\WINDOWS\system32\mswsock.dll
0x00007ffe79410000 - 0x00007ffe79423000 	C:\Users\IlijaPC\Downloads\openjdk-11_windows-x64_bin\jdk-11\bin\nio.dll
0x00007ffeb6480000 - 0x00007ffeb649b000 	C:\WINDOWS\SYSTEM32\CRYPTSP.dll
0x00007ffeb5d70000 - 0x00007ffeb5da5000 	C:\WINDOWS\system32\rsaenh.dll
0x00007ffeb6300000 - 0x00007ffeb632c000 	C:\WINDOWS\SYSTEM32\USERENV.dll
0x00007ffeb66b0000 - 0x00007ffeb66d8000 	C:\WINDOWS\SYSTEM32\bcrypt.dll
0x00007ffeb64a0000 - 0x00007ffeb64ac000 	C:\WINDOWS\SYSTEM32\CRYPTBASE.dll
0x00007ffeb57f0000 - 0x00007ffeb581d000 	C:\WINDOWS\SYSTEM32\IPHLPAPI.DLL
0x00007ffeb8660000 - 0x00007ffeb8669000 	C:\WINDOWS\System32\NSI.dll
0x00007ffeb1520000 - 0x00007ffeb1539000 	C:\WINDOWS\SYSTEM32\dhcpcsvc6.DLL
0x00007ffeb1500000 - 0x00007ffeb151f000 	C:\WINDOWS\SYSTEM32\dhcpcsvc.DLL
0x00007ffeb5820000 - 0x00007ffeb5912000 	C:\WINDOWS\SYSTEM32\DNSAPI.dll
0x00000000637c0000 - 0x00000000637cd000 	C:\Users\IlijaPC\AppData\Local\Temp\jogamp_0000\file_cache\jln3235494994496288295\jln13699796809568489395\gluegen-rt.dll
0x00007ffe620f0000 - 0x00007ffe6228e000 	C:\Users\IlijaPC\Downloads\openjdk-11_windows-x64_bin\jdk-11\bin\awt.dll
0x00007ffeb2b70000 - 0x00007ffeb3131000 	C:\WINDOWS\SYSTEM32\d2d1.dll
0x00007ffeb3b90000 - 0x00007ffeb3c27000 	C:\WINDOWS\SYSTEM32\apphelp.dll
0x00007ffeb3cb0000 - 0x00007ffeb3d5b000 	C:\WINDOWS\system32\uxtheme.dll
0x00007ffeb7ba0000 - 0x00007ffeb7ce9000 	C:\WINDOWS\System32\MSCTF.dll
0x00007ffeb9260000 - 0x00007ffeb93fe000 	C:\WINDOWS\System32\ole32.dll
0x00007ffea8e70000 - 0x00007ffea8e77000 	C:\Users\IlijaPC\Downloads\openjdk-11_windows-x64_bin\jdk-11\bin\jawt.dll
0x000000006a440000 - 0x000000006a44d000 	C:\Users\IlijaPC\AppData\Local\Temp\jogamp_0000\file_cache\jln3235494994496288295\jln13699796809568489395\nativewindow_awt.dll
0x00007ffeb3f30000 - 0x00007ffeb3f5b000 	C:\WINDOWS\system32\DWMAPI.DLL
0x00007ffe63f20000 - 0x00007ffe64020000 	C:\WINDOWS\system32\opengl32.dll
0x00007ffe78330000 - 0x00007ffe7835d000 	C:\WINDOWS\SYSTEM32\GLU32.dll
0x00007ffeb3fa0000 - 0x00007ffeb3fd8000 	C:\WINDOWS\SYSTEM32\dxcore.dll
0x00007ffe64130000 - 0x00007ffe642d9000 	C:\WINDOWS\system32\d3d9.dll
0x00007ffeacab0000 - 0x00007ffeacb6c000 	C:\WINDOWS\System32\DriverStore\FileRepository\nv_dispig.inf_amd64_d3828c822366e497\nvldumdx.dll
0x00007ffeb6540000 - 0x00007ffeb6552000 	C:\WINDOWS\SYSTEM32\msasn1.dll
0x00007ffeb0d90000 - 0x00007ffeb0dc2000 	C:\WINDOWS\SYSTEM32\cryptnet.dll
0x00007ffeb73b0000 - 0x00007ffeb7516000 	C:\WINDOWS\System32\CRYPT32.dll
0x00007ffead780000 - 0x00007ffead8d8000 	C:\WINDOWS\SYSTEM32\drvstore.dll
0x00007ffeb69a0000 - 0x00007ffeb69cc000 	C:\WINDOWS\SYSTEM32\devobj.dll
0x00007ffeb69d0000 - 0x00007ffeb6a1e000 	C:\WINDOWS\SYSTEM32\cfgmgr32.dll
0x00007ffeb65c0000 - 0x00007ffeb660b000 	C:\WINDOWS\SYSTEM32\wldp.dll
0x00007ffeb7340000 - 0x00007ffeb73ab000 	C:\WINDOWS\System32\wintrust.dll
0x00007ffeb8680000 - 0x00007ffeb869f000 	C:\WINDOWS\System32\imagehlp.dll
0x00007ffe58170000 - 0x00007ffe5b2fd000 	C:\WINDOWS\System32\DriverStore\FileRepository\nv_dispig.inf_amd64_d3828c822366e497\nvd3dumx.dll
0x00007ffeb1680000 - 0x00007ffeb16ca000 	C:\WINDOWS\SYSTEM32\directxdatabasehelper.dll
0x00007ffeb62c0000 - 0x00007ffeb62e6000 	C:\WINDOWS\SYSTEM32\gpapi.dll
0x000000006c100000 - 0x000000006c10f000 	C:\Users\IlijaPC\AppData\Local\Temp\jogamp_0000\file_cache\jln3235494994496288295\jln13699796809568489395\nativewindow_win32.dll
0x0000000064500000 - 0x00000000645a0000 	C:\Users\IlijaPC\AppData\Local\Temp\jogamp_0000\file_cache\jln3235494994496288295\jln13699796809568489395\jogl_desktop.dll
0x00007ffeb9050000 - 0x00007ffeb9100000 	C:\WINDOWS\System32\clbcatq.dll
0x00007ffea3350000 - 0x00007ffea3485000 	C:\Windows\System32\AppXDeploymentClient.dll
0x00007ffe45220000 - 0x00007ffe494b2000 	C:\WINDOWS\System32\DriverStore\FileRepository\nv_dispig.inf_amd64_d3828c822366e497\nvoglv64.dll
0x00007ffeb7fd0000 - 0x00007ffeb8444000 	C:\WINDOWS\System32\SETUPAPI.dll
0x00007ffeb5ba0000 - 0x00007ffeb5bb4000 	C:\WINDOWS\SYSTEM32\WTSAPI32.dll
0x00007ffeb5e00000 - 0x00007ffeb5e34000 	C:\WINDOWS\SYSTEM32\ntmarta.dll
0x00007ffeb5b50000 - 0x00007ffeb5b9d000 	C:\WINDOWS\SYSTEM32\powrprof.dll
0x00007ffeb5b30000 - 0x00007ffeb5b43000 	C:\WINDOWS\SYSTEM32\UMPDC.dll
0x00007ffeb5770000 - 0x00007ffeb57d6000 	C:\WINDOWS\SYSTEM32\WINSTA.dll
0x00007ffe66df0000 - 0x00007ffe66e70000 	C:\Users\IlijaPC\Downloads\openjdk-11_windows-x64_bin\jdk-11\bin\freetype.dll
0x00007ffe64710000 - 0x00007ffe6477f000 	C:\Users\IlijaPC\Downloads\openjdk-11_windows-x64_bin\jdk-11\bin\fontmanager.dll
0x00007ffe87b60000 - 0x00007ffe87ca4000 	C:\WINDOWS\SYSTEM32\textinputframework.dll
0x00007ffeb37c0000 - 0x00007ffeb38f3000 	C:\WINDOWS\SYSTEM32\CoreMessaging.dll
0x00007ffeb0dd0000 - 0x00007ffeb113c000 	C:\WINDOWS\SYSTEM32\CoreUIComponents.dll

dbghelp: loaded successfully - version: 4.0.5 - missing functions: none
symbol engine: initialized successfully - sym options: 0x614 - pdb path: .;C:\Users\IlijaPC\Downloads\openjdk-11_windows-x64_bin\jdk-11\bin;C:\WINDOWS\SYSTEM32;C:\Program Files\Bitdefender\Bitdefender Security\bdhkm\dlls_266758771698845320;C:\Program Files\Bitdefender\Bitdefender Security\atcuf\dlls_266758771675102077;C:\WINDOWS\WinSxS\amd64_microsoft.windows.common-controls_6595b64144ccf1df_6.0.22621.2215_none_270d72677387dfc3;C:\Users\IlijaPC\Downloads\openjdk-11_windows-x64_bin\jdk-11\bin\server;C:\Users\IlijaPC\AppData\Local\Temp\jogamp_0000\file_cache\jln3235494994496288295\jln13699796809568489395;C:\WINDOWS\System32\DriverStore\FileRepository\nv_dispig.inf_amd64_d3828c822366e497

VM Arguments:
jvm_args: -Dfile.encoding=UTF-8 
java_command: inft3032.assign.Assignment -scene scenes/ColouredTriangle.scene
java_class_path (initial): C:\Users\IlijaPC\Documents\Assignment2OpenGl\Assignment 2 Base Code\bin;C:\Users\IlijaPC\Documents\Assignment2OpenGl\Assignment 2 Base Code\jogamp-all-platforms\jogamp-all-platforms\jar\gluegen-rt.jar;C:\Users\IlijaPC\Documents\Assignment2OpenGl\Assignment 2 Base Code\jogamp-all-platforms\jogamp-all-platforms\jar\jogl-all.jar
Launcher Type: SUN_STANDARD

[Global flags]
     intx CICompilerCount                          = 12                                        {product} {ergonomic}
     uint ConcGCThreads                            = 5                                         {product} {ergonomic}
     uint G1ConcRefinementThreads                  = 18                                        {product} {ergonomic}
   size_t G1HeapRegionSize                         = 2097152                                   {product} {ergonomic}
    uintx GCDrainStackTargetSize                   = 64                                        {product} {ergonomic}
   size_t InitialHeapSize                          = 532676608                                 {product} {ergonomic}
   size_t MarkStackSize                            = 4194304                                   {product} {ergonomic}
   size_t MaxHeapSize                              = 8522825728                                {product} {ergonomic}
   size_t MaxNewSize                               = 5112856576                                {product} {ergonomic}
   size_t MinHeapDeltaBytes                        = 2097152                                   {product} {ergonomic}
    uintx NonNMethodCodeHeapSize                   = 7591728                                {pd product} {ergonomic}
    uintx NonProfiledCodeHeapSize                  = 122033256                              {pd product} {ergonomic}
    uintx ProfiledCodeHeapSize                     = 122033256                              {pd product} {ergonomic}
    uintx ReservedCodeCacheSize                    = 251658240                              {pd product} {ergonomic}
     bool SegmentedCodeCache                       = true                                      {product} {ergonomic}
     bool UseCompressedClassPointers               = true                                 {lp64_product} {ergonomic}
     bool UseCompressedOops                        = true                                 {lp64_product} {ergonomic}
     bool UseG1GC                                  = true                                      {product} {ergonomic}
     bool UseLargePagesIndividualAllocation        = false                                  {pd product} {ergonomic}

Logging:
Log output configuration:
 #0: stdout all=warning uptime,level,tags
 #1: stderr all=off uptime,level,tags

Environment Variables:
PATH=C:/Users/IlijaPC/.p2/pool/plugins/org.eclipse.justj.openjdk.hotspot.jre.full.win32.x86_64_17.0.8.v20230801-1951/jre/bin/server;C:/Users/IlijaPC/.p2/pool/plugins/org.eclipse.justj.openjdk.hotspot.jre.full.win32.x86_64_17.0.8.v20230801-1951/jre/bin;C:\Program Files (x86)\Common Files\Oracle\Java\javapath;C:\WINDOWS\system32;C:\WINDOWS;C:\WINDOWS\System32\Wbem;C:\WINDOWS\System32\WindowsPowerShell\v1.0\;C:\WINDOWS\System32\OpenSSH\;C:\Program Files (x86)\NVIDIA Corporation\PhysX\Common;C:\Program Files\dotnet\;C:\Users\IlijaPC\AppData\Local\Microsoft\WindowsApps;C:\Users\IlijaPC\AppData\Local\GitHubDesktop\bin;C:\Users\IlijaPC\AppData\Local\Programs\Microsoft VS Code\bin;C:\Users\IlijaPC\.dotnet\tools;C:\Users\IlijaPC\Desktop;
USERNAME=IlijaPC
OS=Windows_NT
PROCESSOR_IDENTIFIER=Intel64 Family 6 Model 183 Stepping 1, GenuineIntel



---------------  S Y S T E M  ---------------

OS: Windows 10 , 64 bit Build 22621 (10.0.22621.2215)

CPU:total 24 (initial active 24) (12 cores per cpu, 2 threads per core) family 6 model 183 stepping 1, cmov, cx8, fxsr, mmx, sse, sse2, sse3, ssse3, sse4.1, sse4.2, popcnt, avx, avx2, aes, clmul, erms, 3dnowpref, lzcnt, ht, tsc, tscinvbit, bmi1, bmi2, adx, sha, fma

Memory: 4k page, system-wide physical 32509M (20890M free)
TotalPageFile size 34557M (AvailPageFile size 18643M)
current process WorkingSet (physical memory assigned to process): 162M, peak: 162M
current process commit charge ("private bytes"): 720M, peak: 720M

vm_info: OpenJDK 64-Bit Server VM (11+28) for windows-amd64 JRE (11+28), built on Aug 23 2018 03:04:58 by "mach5one" with MS VC++ 15.5 (VS2017)

END.
