#
# A fatal error has been detected by the Java Runtime Environment:
#
#  EXCEPTION_ACCESS_VIOLATION (0xc0000005) at pc=0x0000021c2207feee, pid=4632, tid=30148
#
# JRE version: OpenJDK Runtime Environment (11.0+28) (build 11+28)
# Java VM: OpenJDK 64-Bit Server VM (11+28, mixed mode, tiered, compressed oops, g1 gc, windows-amd64)
# Problematic frame:
# C  0x0000021c2207feee
#
# No core dump will be written. Minidumps are not enabled by default on client versions of Windows
#
# If you would like to submit a bug report, please visit:
#   http://bugreport.java.com/bugreport/crash.jsp
# The crash happened outside the Java Virtual Machine in native code.
# See problematic frame for where to report the bug.
#

---------------  S U M M A R Y ------------

Command Line: -Dfile.encoding=UTF-8 inft3032.assign.Assignment -scene scenes/ColouredTriangle.scene

Host: 13th Gen Intel(R) Core(TM) i7-13700K, 24 cores, 31G,  Windows 10 , 64 bit Build 22621 (10.0.22621.2215)
Time: Wed Sep 27 16:36:24 2023 Cen. Australia Standard Time elapsed time: 0 seconds (0d 0h 0m 0s)

---------------  T H R E A D  ---------------

Current thread (0x0000021c198d7000):  JavaThread "AWT-EventQueue-0" [_thread_in_native, id=30148, stack(0x000000e92da00000,0x000000e92db00000)]

Stack: [0x000000e92da00000,0x000000e92db00000],  sp=0x000000e92dafa9d0,  free space=1002k
Native frames: (J=compiled Java code, j=interpreted, Vv=VM code, C=native code)
C  0x0000021c2207feee

Java frames: (J=compiled Java code, j=interpreted, Vv=VM code)
j  jogamp.opengl.gl4.GL4bcImpl.dispatch_glDrawArrays1(IIIJ)V+0
j  jogamp.opengl.gl4.GL4bcImpl.glDrawArrays(III)V+51
j  inft3032.drawables.Triangle.draw(Ljavax/media/opengl/GL3;)V+14
j  inft3032.assign.AssignGLListener.display(Ljavax/media/opengl/GLAutoDrawable;)V+51
j  jogamp.opengl.GLDrawableHelper.displayImpl(Ljavax/media/opengl/GLAutoDrawable;)V+81
j  jogamp.opengl.GLDrawableHelper.display(Ljavax/media/opengl/GLAutoDrawable;)V+2
j  javax.media.opengl.awt.GLCanvas$10.run()V+118
j  jogamp.opengl.GLDrawableHelper.invokeGLImpl(Ljavax/media/opengl/GLDrawable;Ljavax/media/opengl/GLContext;Ljava/lang/Runnable;Ljava/lang/Runnable;)V+206
j  jogamp.opengl.GLDrawableHelper.invokeGL(Ljavax/media/opengl/GLDrawable;Ljavax/media/opengl/GLContext;Ljava/lang/Runnable;Ljava/lang/Runnable;)V+80
j  javax.media.opengl.awt.GLCanvas$11.run()V+73
j  javax.media.opengl.Threading.invoke(ZLjava/lang/Runnable;Ljava/lang/Object;)V+33
j  javax.media.opengl.awt.GLCanvas.display()V+64
j  javax.media.opengl.awt.GLCanvas.paint(Ljava/awt/Graphics;)V+137
j  sun.awt.RepaintArea.paintComponent(Ljava/awt/Component;Ljava/awt/Graphics;)V+6 java.desktop@11
j  sun.awt.RepaintArea.paint(Ljava/lang/Object;Z)V+326 java.desktop@11
j  sun.awt.windows.WComponentPeer.handleEvent(Ljava/awt/AWTEvent;)V+155 java.desktop@11
j  java.awt.Component.dispatchEventImpl(Ljava/awt/AWTEvent;)V+733 java.desktop@11
j  java.awt.Component.dispatchEvent(Ljava/awt/AWTEvent;)V+2 java.desktop@11
j  java.awt.EventQueue.dispatchEventImpl(Ljava/awt/AWTEvent;Ljava/lang/Object;)V+41 java.desktop@11
j  java.awt.EventQueue$4.run()Ljava/lang/Void;+32 java.desktop@11
j  java.awt.EventQueue$4.run()Ljava/lang/Object;+1 java.desktop@11
v  ~StubRoutines::call_stub
j  java.security.AccessController.doPrivileged(Ljava/security/PrivilegedAction;Ljava/security/AccessControlContext;)Ljava/lang/Object;+0 java.base@11
j  java.security.ProtectionDomain$JavaSecurityAccessImpl.doIntersectionPrivilege(Ljava/security/PrivilegedAction;Ljava/security/AccessControlContext;Ljava/security/AccessControlContext;)Ljava/lang/Object;+18 java.base@11
j  java.security.ProtectionDomain$JavaSecurityAccessImpl.doIntersectionPrivilege(Ljava/security/PrivilegedAction;Ljava/security/AccessControlContext;)Ljava/lang/Object;+6 java.base@11
j  java.awt.EventQueue$5.run()Ljava/lang/Void;+11 java.desktop@11
j  java.awt.EventQueue$5.run()Ljava/lang/Object;+1 java.desktop@11
v  ~StubRoutines::call_stub
j  java.security.AccessController.doPrivileged(Ljava/security/PrivilegedAction;Ljava/security/AccessControlContext;)Ljava/lang/Object;+0 java.base@11
j  java.security.ProtectionDomain$JavaSecurityAccessImpl.doIntersectionPrivilege(Ljava/security/PrivilegedAction;Ljava/security/AccessControlContext;Ljava/security/AccessControlContext;)Ljava/lang/Object;+18 java.base@11
j  java.awt.EventQueue.dispatchEvent(Ljava/awt/AWTEvent;)V+73 java.desktop@11
j  java.awt.EventDispatchThread.pumpOneEventForFilters(I)V+78 java.desktop@11
j  java.awt.EventDispatchThread.pumpEventsForFilter(ILjava/awt/Conditional;Ljava/awt/EventFilter;)V+35 java.desktop@11
j  java.awt.EventDispatchThread.pumpEventsForHierarchy(ILjava/awt/Conditional;Ljava/awt/Component;)V+11 java.desktop@11
j  java.awt.EventDispatchThread.pumpEvents(ILjava/awt/Conditional;)V+4 java.desktop@11
j  java.awt.EventDispatchThread.pumpEvents(Ljava/awt/Conditional;)V+3 java.desktop@11
j  java.awt.EventDispatchThread.run()V+9 java.desktop@11
v  ~StubRoutines::call_stub

siginfo: EXCEPTION_ACCESS_VIOLATION (0xc0000005), reading address 0x0000000000000010


Register to memory mapping:

RIP=0x0000021c2207feee points into unknown readable memory
RAX=0x0000021c1b1c12c0 points into unknown readable memory
RBX=0x0000021c23bb0000 points into unknown readable memory
RCX=0x0000000000000001 is an unknown value
RDX=0x0000000000000003 is an unknown value
RSP=0x000000e92dafa9d0 is pointing into the stack for thread: 0x0000021c198d7000
RBP=0x0 is NULL
RSI=0x0000000000000010 is an unknown value
RDI=0x0000000000000010 is an unknown value
R8 =0x0000000000000001 is an unknown value
R9 =0x0000000000000003 is an unknown value
R10=0x0000021c2258ef00 points into unknown readable memory
R11=0x0 is NULL
R12=0x0 is NULL
R13=0x0 is NULL
R14=0x0000000000000004 is an unknown value
R15=0x0000021c1b1c12c0 points into unknown readable memory


Registers:
RAX=0x0000021c1b1c12c0, RBX=0x0000021c23bb0000, RCX=0x0000000000000001, RDX=0x0000000000000003
RSP=0x000000e92dafa9d0, RBP=0x0000000000000000, RSI=0x0000000000000010, RDI=0x0000000000000010
R8 =0x0000000000000001, R9 =0x0000000000000003, R10=0x0000021c2258ef00, R11=0x0000000000000000
R12=0x0000000000000000, R13=0x0000000000000000, R14=0x0000000000000004, R15=0x0000021c1b1c12c0
RIP=0x0000021c2207feee, EFLAGS=0x0000000000010202

Top of Stack: (sp=0x000000e92dafa9d0)
0x000000e92dafa9d0:   0000000000000000 0000000000000001
0x000000e92dafa9e0:   0000000000000003 0000021c23bb0000
0x000000e92dafa9f0:   0000021c2258ef00 00007ffe4678a80c
0x000000e92dafaa00:   0000021c23bb0000 0000021c2258ef00
0x000000e92dafaa10:   0000000000000003 0000021c23bb0000
0x000000e92dafaa20:   0000021c0000001c 0000000000000001
0x000000e92dafaa30:   0000000000000103 0000021c2253b748
0x000000e92dafaa40:   0000000000000004 0000021c2258ef00
0x000000e92dafaa50:   0000000000000003 0000000000000001
0x000000e92dafaa60:   0000021c23bb0000 00007ffe467867f3
0x000000e92dafaa70:   0000000000000001 0000000000000000
0x000000e92dafaa80:   0000021c1a44bcf0 0000000000000001
0x000000e92dafaa90:   0000000000000103 00c0000000000000
0x000000e92dafaaa0:   00000000ffffffff 0000000000000004
0x000000e92dafaab0:   0000000000000003 00007ffe463432c1
0x000000e92dafaac0:   0000000000000001 0000021c23bb0000 

Instructions: (pc=0x0000021c2207feee)
0x0000021c2207fece:   78 08 48 be b0 8d c0 23 1c 02 00 00 48 8b 36 48
0x0000021c2207fede:   8b b6 38 03 00 00 48 8b f9 48 c1 e7 04 48 03 f7
0x0000021c2207feee:   8b 3e 8b 6e 04 89 78 0c 89 68 10 8b 7e 08 8b 6e
0x0000021c2207fefe:   0c 89 78 14 89 68 18 48 83 c0 1c ff c1 ff ca 75 



---------------  P R O C E S S  ---------------

Threads class SMR info:
_java_thread_list=0x0000021c19c28850, length=17, elements={
0x0000021c177e3800, 0x0000021c17814800, 0x0000021c17871800, 0x0000021c17872800,
0x0000021c17873800, 0x0000021c17826800, 0x0000021c1782b800, 0x0000021c179db800,
0x0000021c17a00800, 0x0000021c185b2800, 0x0000021c18a5b800, 0x0000021c18a5c000,
0x0000021c18a5d000, 0x0000021c198d7000, 0x0000021c19938000, 0x0000021c6908a800,
0x0000021c19e3d800
}

Java Threads: ( => current thread )
  0x0000021c177e3800 JavaThread "Reference Handler" daemon [_thread_blocked, id=11364, stack(0x000000e92c900000,0x000000e92ca00000)]
  0x0000021c17814800 JavaThread "Finalizer" daemon [_thread_blocked, id=28896, stack(0x000000e92ca00000,0x000000e92cb00000)]
  0x0000021c17871800 JavaThread "Signal Dispatcher" daemon [_thread_blocked, id=2928, stack(0x000000e92cb00000,0x000000e92cc00000)]
  0x0000021c17872800 JavaThread "Attach Listener" daemon [_thread_blocked, id=5664, stack(0x000000e92cc00000,0x000000e92cd00000)]
  0x0000021c17873800 JavaThread "C2 CompilerThread0" daemon [_thread_blocked, id=21320, stack(0x000000e92cd00000,0x000000e92ce00000)]
  0x0000021c17826800 JavaThread "C1 CompilerThread0" daemon [_thread_blocked, id=28660, stack(0x000000e92ce00000,0x000000e92cf00000)]
  0x0000021c1782b800 JavaThread "Sweeper thread" daemon [_thread_blocked, id=29444, stack(0x000000e92cf00000,0x000000e92d000000)]
  0x0000021c179db800 JavaThread "Service Thread" daemon [_thread_blocked, id=2428, stack(0x000000e92d000000,0x000000e92d100000)]
  0x0000021c17a00800 JavaThread "Common-Cleaner" daemon [_thread_blocked, id=17112, stack(0x000000e92d200000,0x000000e92d300000)]
  0x0000021c185b2800 JavaThread "C1 CompilerThread1" daemon [_thread_blocked, id=25840, stack(0x000000e92d400000,0x000000e92d500000)]
  0x0000021c18a5b800 JavaThread "Java2D Disposer" daemon [_thread_blocked, id=29376, stack(0x000000e92d500000,0x000000e92d600000)]
  0x0000021c18a5c000 JavaThread "AWT-Shutdown" [_thread_blocked, id=29056, stack(0x000000e92d600000,0x000000e92d700000)]
  0x0000021c18a5d000 JavaThread "AWT-Windows" daemon [_thread_in_native, id=12940, stack(0x000000e92d700000,0x000000e92d800000)]
=>0x0000021c198d7000 JavaThread "AWT-EventQueue-0" [_thread_in_native, id=30148, stack(0x000000e92da00000,0x000000e92db00000)]
  0x0000021c19938000 JavaThread "main-SharedResourceRunner" daemon [_thread_blocked, id=20300, stack(0x000000e92db00000,0x000000e92dc00000)]
  0x0000021c6908a800 JavaThread "DestroyJavaVM" [_thread_blocked, id=28140, stack(0x000000e92c200000,0x000000e92c300000)]
  0x0000021c19e3d800 JavaThread "D3D Screen Updater" daemon [_thread_blocked, id=5592, stack(0x000000e92eb00000,0x000000e92ec00000)]

Other Threads:
  0x0000021c177e1800 VMThread "VM Thread" [stack: 0x000000e92c800000,0x000000e92c900000] [id=12964]
  0x0000021c179dc000 WatcherThread [stack: 0x000000e92d100000,0x000000e92d200000] [id=30344]
  0x0000021c690a3000 GCTaskThread "GC Thread#0" [stack: 0x000000e92c300000,0x000000e92c400000] [id=11076]
  0x0000021c1a110000 GCTaskThread "GC Thread#1" [stack: 0x000000e92d300000,0x000000e92d400000] [id=28204]
  0x0000021c22333000 GCTaskThread "GC Thread#2" [stack: 0x000000e92e100000,0x000000e92e200000] [id=25108]
  0x0000021c22334000 GCTaskThread "GC Thread#3" [stack: 0x000000e92e200000,0x000000e92e300000] [id=32604]
  0x0000021c22334800 GCTaskThread "GC Thread#4" [stack: 0x000000e92e300000,0x000000e92e400000] [id=8356]
  0x0000021c1a11d000 GCTaskThread "GC Thread#5" [stack: 0x000000e92e400000,0x000000e92e500000] [id=4228]
  0x0000021c1a11d800 GCTaskThread "GC Thread#6" [stack: 0x000000e92e500000,0x000000e92e600000] [id=15268]
  0x0000021c1a11e800 GCTaskThread "GC Thread#7" [stack: 0x000000e92e600000,0x000000e92e700000] [id=4824]
  0x0000021c1a11f000 GCTaskThread "GC Thread#8" [stack: 0x000000e92e700000,0x000000e92e800000] [id=12680]
  0x0000021c1a11f800 GCTaskThread "GC Thread#9" [stack: 0x000000e92e800000,0x000000e92e900000] [id=12360]
  0x0000021c1a122000 GCTaskThread "GC Thread#10" [stack: 0x000000e92e900000,0x000000e92ea00000] [id=18200]
  0x0000021c1a127000 GCTaskThread "GC Thread#11" [stack: 0x000000e92ea00000,0x000000e92eb00000] [id=25264]
  0x0000021c69126000 ConcurrentGCThread "G1 Main Marker" [stack: 0x000000e92c400000,0x000000e92c500000] [id=10304]
  0x0000021c69127800 ConcurrentGCThread "G1 Conc#0" [stack: 0x000000e92c500000,0x000000e92c600000] [id=15132]
  0x0000021c170e0800 ConcurrentGCThread "G1 Refine#0" [stack: 0x000000e92c600000,0x000000e92c700000] [id=31448]
  0x0000021c170e1800 ConcurrentGCThread "G1 Young RemSet Sampling" [stack: 0x000000e92c700000,0x000000e92c800000] [id=16964]

Threads with active compile tasks:

VM state:not at safepoint (normal execution)

VM Mutex/Monitor currently owned by a thread: None

Heap address: 0x0000000604000000, size: 8128 MB, Compressed Oops mode: Zero based, Oop shift amount: 3
Narrow klass base: 0x0000000800000000, Narrow klass shift: 0
Compressed class space size: 1073741824 Address: 0x0000000800000000

Heap:
 garbage-first heap   total 520192K, used 13676K [0x0000000604000000, 0x0000000800000000)
  region size 2048K, 8 young (16384K), 2 survivors (4096K)
 Metaspace       used 20266K, capacity 20630K, committed 20864K, reserved 1069056K
  class space    used 1945K, capacity 2141K, committed 2176K, reserved 1048576K
Heap Regions: E=young(eden), S=young(survivor), O=old, HS=humongous(starts), HC=humongous(continues), CS=collection set, F=free, A=archive, TAMS=top-at-mark-start (previous, next)
|   0|0x0000000604000000, 0x0000000604000000, 0x0000000604200000|  0%| F|  |TAMS 0x0000000604000000, 0x0000000604000000| Untracked 
|   1|0x0000000604200000, 0x0000000604200000, 0x0000000604400000|  0%| F|  |TAMS 0x0000000604200000, 0x0000000604200000| Untracked 
|   2|0x0000000604400000, 0x0000000604400000, 0x0000000604600000|  0%| F|  |TAMS 0x0000000604400000, 0x0000000604400000| Untracked 
|   3|0x0000000604600000, 0x0000000604600000, 0x0000000604800000|  0%| F|  |TAMS 0x0000000604600000, 0x0000000604600000| Untracked 
|   4|0x0000000604800000, 0x0000000604800000, 0x0000000604a00000|  0%| F|  |TAMS 0x0000000604800000, 0x0000000604800000| Untracked 
|   5|0x0000000604a00000, 0x0000000604a00000, 0x0000000604c00000|  0%| F|  |TAMS 0x0000000604a00000, 0x0000000604a00000| Untracked 
|   6|0x0000000604c00000, 0x0000000604c00000, 0x0000000604e00000|  0%| F|  |TAMS 0x0000000604c00000, 0x0000000604c00000| Untracked 
|   7|0x0000000604e00000, 0x0000000604e00000, 0x0000000605000000|  0%| F|  |TAMS 0x0000000604e00000, 0x0000000604e00000| Untracked 
|   8|0x0000000605000000, 0x0000000605000000, 0x0000000605200000|  0%| F|  |TAMS 0x0000000605000000, 0x0000000605000000| Untracked 
|   9|0x0000000605200000, 0x0000000605200000, 0x0000000605400000|  0%| F|  |TAMS 0x0000000605200000, 0x0000000605200000| Untracked 
|  10|0x0000000605400000, 0x0000000605400000, 0x0000000605600000|  0%| F|  |TAMS 0x0000000605400000, 0x0000000605400000| Untracked 
|  11|0x0000000605600000, 0x0000000605600000, 0x0000000605800000|  0%| F|  |TAMS 0x0000000605600000, 0x0000000605600000| Untracked 
|  12|0x0000000605800000, 0x0000000605800000, 0x0000000605a00000|  0%| F|  |TAMS 0x0000000605800000, 0x0000000605800000| Untracked 
|  13|0x0000000605a00000, 0x0000000605a00000, 0x0000000605c00000|  0%| F|  |TAMS 0x0000000605a00000, 0x0000000605a00000| Untracked 
|  14|0x0000000605c00000, 0x0000000605c00000, 0x0000000605e00000|  0%| F|  |TAMS 0x0000000605c00000, 0x0000000605c00000| Untracked 
|  15|0x0000000605e00000, 0x0000000605e00000, 0x0000000606000000|  0%| F|  |TAMS 0x0000000605e00000, 0x0000000605e00000| Untracked 
|  16|0x0000000606000000, 0x0000000606000000, 0x0000000606200000|  0%| F|  |TAMS 0x0000000606000000, 0x0000000606000000| Untracked 
|  17|0x0000000606200000, 0x0000000606200000, 0x0000000606400000|  0%| F|  |TAMS 0x0000000606200000, 0x0000000606200000| Untracked 
|  18|0x0000000606400000, 0x0000000606400000, 0x0000000606600000|  0%| F|  |TAMS 0x0000000606400000, 0x0000000606400000| Untracked 
|  19|0x0000000606600000, 0x0000000606600000, 0x0000000606800000|  0%| F|  |TAMS 0x0000000606600000, 0x0000000606600000| Untracked 
|  20|0x0000000606800000, 0x0000000606800000, 0x0000000606a00000|  0%| F|  |TAMS 0x0000000606800000, 0x0000000606800000| Untracked 
|  21|0x0000000606a00000, 0x0000000606a00000, 0x0000000606c00000|  0%| F|  |TAMS 0x0000000606a00000, 0x0000000606a00000| Untracked 
|  22|0x0000000606c00000, 0x0000000606c00000, 0x0000000606e00000|  0%| F|  |TAMS 0x0000000606c00000, 0x0000000606c00000| Untracked 
|  23|0x0000000606e00000, 0x0000000606e00000, 0x0000000607000000|  0%| F|  |TAMS 0x0000000606e00000, 0x0000000606e00000| Untracked 
|  24|0x0000000607000000, 0x0000000607000000, 0x0000000607200000|  0%| F|  |TAMS 0x0000000607000000, 0x0000000607000000| Untracked 
|  25|0x0000000607200000, 0x0000000607200000, 0x0000000607400000|  0%| F|  |TAMS 0x0000000607200000, 0x0000000607200000| Untracked 
|  26|0x0000000607400000, 0x0000000607400000, 0x0000000607600000|  0%| F|  |TAMS 0x0000000607400000, 0x0000000607400000| Untracked 
|  27|0x0000000607600000, 0x0000000607600000, 0x0000000607800000|  0%| F|  |TAMS 0x0000000607600000, 0x0000000607600000| Untracked 
|  28|0x0000000607800000, 0x0000000607800000, 0x0000000607a00000|  0%| F|  |TAMS 0x0000000607800000, 0x0000000607800000| Untracked 
|  29|0x0000000607a00000, 0x0000000607a00000, 0x0000000607c00000|  0%| F|  |TAMS 0x0000000607a00000, 0x0000000607a00000| Untracked 
|  30|0x0000000607c00000, 0x0000000607c00000, 0x0000000607e00000|  0%| F|  |TAMS 0x0000000607c00000, 0x0000000607c00000| Untracked 
|  31|0x0000000607e00000, 0x0000000607e00000, 0x0000000608000000|  0%| F|  |TAMS 0x0000000607e00000, 0x0000000607e00000| Untracked 
|  32|0x0000000608000000, 0x0000000608000000, 0x0000000608200000|  0%| F|  |TAMS 0x0000000608000000, 0x0000000608000000| Untracked 
|  33|0x0000000608200000, 0x0000000608200000, 0x0000000608400000|  0%| F|  |TAMS 0x0000000608200000, 0x0000000608200000| Untracked 
|  34|0x0000000608400000, 0x0000000608400000, 0x0000000608600000|  0%| F|  |TAMS 0x0000000608400000, 0x0000000608400000| Untracked 
|  35|0x0000000608600000, 0x0000000608600000, 0x0000000608800000|  0%| F|  |TAMS 0x0000000608600000, 0x0000000608600000| Untracked 
|  36|0x0000000608800000, 0x0000000608800000, 0x0000000608a00000|  0%| F|  |TAMS 0x0000000608800000, 0x0000000608800000| Untracked 
|  37|0x0000000608a00000, 0x0000000608a00000, 0x0000000608c00000|  0%| F|  |TAMS 0x0000000608a00000, 0x0000000608a00000| Untracked 
|  38|0x0000000608c00000, 0x0000000608c00000, 0x0000000608e00000|  0%| F|  |TAMS 0x0000000608c00000, 0x0000000608c00000| Untracked 
|  39|0x0000000608e00000, 0x0000000608e00000, 0x0000000609000000|  0%| F|  |TAMS 0x0000000608e00000, 0x0000000608e00000| Untracked 
|  40|0x0000000609000000, 0x0000000609000000, 0x0000000609200000|  0%| F|  |TAMS 0x0000000609000000, 0x0000000609000000| Untracked 
|  41|0x0000000609200000, 0x0000000609200000, 0x0000000609400000|  0%| F|  |TAMS 0x0000000609200000, 0x0000000609200000| Untracked 
|  42|0x0000000609400000, 0x0000000609400000, 0x0000000609600000|  0%| F|  |TAMS 0x0000000609400000, 0x0000000609400000| Untracked 
|  43|0x0000000609600000, 0x0000000609600000, 0x0000000609800000|  0%| F|  |TAMS 0x0000000609600000, 0x0000000609600000| Untracked 
|  44|0x0000000609800000, 0x0000000609800000, 0x0000000609a00000|  0%| F|  |TAMS 0x0000000609800000, 0x0000000609800000| Untracked 
|  45|0x0000000609a00000, 0x0000000609a00000, 0x0000000609c00000|  0%| F|  |TAMS 0x0000000609a00000, 0x0000000609a00000| Untracked 
|  46|0x0000000609c00000, 0x0000000609c00000, 0x0000000609e00000|  0%| F|  |TAMS 0x0000000609c00000, 0x0000000609c00000| Untracked 
|  47|0x0000000609e00000, 0x0000000609e00000, 0x000000060a000000|  0%| F|  |TAMS 0x0000000609e00000, 0x0000000609e00000| Untracked 
|  48|0x000000060a000000, 0x000000060a000000, 0x000000060a200000|  0%| F|  |TAMS 0x000000060a000000, 0x000000060a000000| Untracked 
|  49|0x000000060a200000, 0x000000060a200000, 0x000000060a400000|  0%| F|  |TAMS 0x000000060a200000, 0x000000060a200000| Untracked 
|  50|0x000000060a400000, 0x000000060a400000, 0x000000060a600000|  0%| F|  |TAMS 0x000000060a400000, 0x000000060a400000| Untracked 
|  51|0x000000060a600000, 0x000000060a600000, 0x000000060a800000|  0%| F|  |TAMS 0x000000060a600000, 0x000000060a600000| Untracked 
|  52|0x000000060a800000, 0x000000060a800000, 0x000000060aa00000|  0%| F|  |TAMS 0x000000060a800000, 0x000000060a800000| Untracked 
|  53|0x000000060aa00000, 0x000000060aa00000, 0x000000060ac00000|  0%| F|  |TAMS 0x000000060aa00000, 0x000000060aa00000| Untracked 
|  54|0x000000060ac00000, 0x000000060ac00000, 0x000000060ae00000|  0%| F|  |TAMS 0x000000060ac00000, 0x000000060ac00000| Untracked 
|  55|0x000000060ae00000, 0x000000060ae00000, 0x000000060b000000|  0%| F|  |TAMS 0x000000060ae00000, 0x000000060ae00000| Untracked 
|  56|0x000000060b000000, 0x000000060b000000, 0x000000060b200000|  0%| F|  |TAMS 0x000000060b000000, 0x000000060b000000| Untracked 
|  57|0x000000060b200000, 0x000000060b200000, 0x000000060b400000|  0%| F|  |TAMS 0x000000060b200000, 0x000000060b200000| Untracked 
|  58|0x000000060b400000, 0x000000060b400000, 0x000000060b600000|  0%| F|  |TAMS 0x000000060b400000, 0x000000060b400000| Untracked 
|  59|0x000000060b600000, 0x000000060b600000, 0x000000060b800000|  0%| F|  |TAMS 0x000000060b600000, 0x000000060b600000| Untracked 
|  60|0x000000060b800000, 0x000000060b800000, 0x000000060ba00000|  0%| F|  |TAMS 0x000000060b800000, 0x000000060b800000| Untracked 
|  61|0x000000060ba00000, 0x000000060ba00000, 0x000000060bc00000|  0%| F|  |TAMS 0x000000060ba00000, 0x000000060ba00000| Untracked 
|  62|0x000000060bc00000, 0x000000060bc00000, 0x000000060be00000|  0%| F|  |TAMS 0x000000060bc00000, 0x000000060bc00000| Untracked 
|  63|0x000000060be00000, 0x000000060be00000, 0x000000060c000000|  0%| F|  |TAMS 0x000000060be00000, 0x000000060be00000| Untracked 
|  64|0x000000060c000000, 0x000000060c000000, 0x000000060c200000|  0%| F|  |TAMS 0x000000060c000000, 0x000000060c000000| Untracked 
|  65|0x000000060c200000, 0x000000060c200000, 0x000000060c400000|  0%| F|  |TAMS 0x000000060c200000, 0x000000060c200000| Untracked 
|  66|0x000000060c400000, 0x000000060c400000, 0x000000060c600000|  0%| F|  |TAMS 0x000000060c400000, 0x000000060c400000| Untracked 
|  67|0x000000060c600000, 0x000000060c600000, 0x000000060c800000|  0%| F|  |TAMS 0x000000060c600000, 0x000000060c600000| Untracked 
|  68|0x000000060c800000, 0x000000060c800000, 0x000000060ca00000|  0%| F|  |TAMS 0x000000060c800000, 0x000000060c800000| Untracked 
|  69|0x000000060ca00000, 0x000000060ca00000, 0x000000060cc00000|  0%| F|  |TAMS 0x000000060ca00000, 0x000000060ca00000| Untracked 
|  70|0x000000060cc00000, 0x000000060cc00000, 0x000000060ce00000|  0%| F|  |TAMS 0x000000060cc00000, 0x000000060cc00000| Untracked 
|  71|0x000000060ce00000, 0x000000060ce00000, 0x000000060d000000|  0%| F|  |TAMS 0x000000060ce00000, 0x000000060ce00000| Untracked 
|  72|0x000000060d000000, 0x000000060d000000, 0x000000060d200000|  0%| F|  |TAMS 0x000000060d000000, 0x000000060d000000| Untracked 
|  73|0x000000060d200000, 0x000000060d200000, 0x000000060d400000|  0%| F|  |TAMS 0x000000060d200000, 0x000000060d200000| Untracked 
|  74|0x000000060d400000, 0x000000060d400000, 0x000000060d600000|  0%| F|  |TAMS 0x000000060d400000, 0x000000060d400000| Untracked 
|  75|0x000000060d600000, 0x000000060d600000, 0x000000060d800000|  0%| F|  |TAMS 0x000000060d600000, 0x000000060d600000| Untracked 
|  76|0x000000060d800000, 0x000000060d800000, 0x000000060da00000|  0%| F|  |TAMS 0x000000060d800000, 0x000000060d800000| Untracked 
|  77|0x000000060da00000, 0x000000060da00000, 0x000000060dc00000|  0%| F|  |TAMS 0x000000060da00000, 0x000000060da00000| Untracked 
|  78|0x000000060dc00000, 0x000000060dc00000, 0x000000060de00000|  0%| F|  |TAMS 0x000000060dc00000, 0x000000060dc00000| Untracked 
|  79|0x000000060de00000, 0x000000060de00000, 0x000000060e000000|  0%| F|  |TAMS 0x000000060de00000, 0x000000060de00000| Untracked 
|  80|0x000000060e000000, 0x000000060e000000, 0x000000060e200000|  0%| F|  |TAMS 0x000000060e000000, 0x000000060e000000| Untracked 
|  81|0x000000060e200000, 0x000000060e200000, 0x000000060e400000|  0%| F|  |TAMS 0x000000060e200000, 0x000000060e200000| Untracked 
|  82|0x000000060e400000, 0x000000060e400000, 0x000000060e600000|  0%| F|  |TAMS 0x000000060e400000, 0x000000060e400000| Untracked 
|  83|0x000000060e600000, 0x000000060e600000, 0x000000060e800000|  0%| F|  |TAMS 0x000000060e600000, 0x000000060e600000| Untracked 
|  84|0x000000060e800000, 0x000000060e800000, 0x000000060ea00000|  0%| F|  |TAMS 0x000000060e800000, 0x000000060e800000| Untracked 
|  85|0x000000060ea00000, 0x000000060ea00000, 0x000000060ec00000|  0%| F|  |TAMS 0x000000060ea00000, 0x000000060ea00000| Untracked 
|  86|0x000000060ec00000, 0x000000060ec00000, 0x000000060ee00000|  0%| F|  |TAMS 0x000000060ec00000, 0x000000060ec00000| Untracked 
|  87|0x000000060ee00000, 0x000000060ee00000, 0x000000060f000000|  0%| F|  |TAMS 0x000000060ee00000, 0x000000060ee00000| Untracked 
|  88|0x000000060f000000, 0x000000060f000000, 0x000000060f200000|  0%| F|  |TAMS 0x000000060f000000, 0x000000060f000000| Untracked 
|  89|0x000000060f200000, 0x000000060f200000, 0x000000060f400000|  0%| F|  |TAMS 0x000000060f200000, 0x000000060f200000| Untracked 
|  90|0x000000060f400000, 0x000000060f400000, 0x000000060f600000|  0%| F|  |TAMS 0x000000060f400000, 0x000000060f400000| Untracked 
|  91|0x000000060f600000, 0x000000060f600000, 0x000000060f800000|  0%| F|  |TAMS 0x000000060f600000, 0x000000060f600000| Untracked 
|  92|0x000000060f800000, 0x000000060f800000, 0x000000060fa00000|  0%| F|  |TAMS 0x000000060f800000, 0x000000060f800000| Untracked 
|  93|0x000000060fa00000, 0x000000060fa00000, 0x000000060fc00000|  0%| F|  |TAMS 0x000000060fa00000, 0x000000060fa00000| Untracked 
|  94|0x000000060fc00000, 0x000000060fc00000, 0x000000060fe00000|  0%| F|  |TAMS 0x000000060fc00000, 0x000000060fc00000| Untracked 
|  95|0x000000060fe00000, 0x000000060fe00000, 0x0000000610000000|  0%| F|  |TAMS 0x000000060fe00000, 0x000000060fe00000| Untracked 
|  96|0x0000000610000000, 0x0000000610000000, 0x0000000610200000|  0%| F|  |TAMS 0x0000000610000000, 0x0000000610000000| Untracked 
|  97|0x0000000610200000, 0x0000000610200000, 0x0000000610400000|  0%| F|  |TAMS 0x0000000610200000, 0x0000000610200000| Untracked 
|  98|0x0000000610400000, 0x0000000610400000, 0x0000000610600000|  0%| F|  |TAMS 0x0000000610400000, 0x0000000610400000| Untracked 
|  99|0x0000000610600000, 0x0000000610600000, 0x0000000610800000|  0%| F|  |TAMS 0x0000000610600000, 0x0000000610600000| Untracked 
| 100|0x0000000610800000, 0x0000000610800000, 0x0000000610a00000|  0%| F|  |TAMS 0x0000000610800000, 0x0000000610800000| Untracked 
| 101|0x0000000610a00000, 0x0000000610a00000, 0x0000000610c00000|  0%| F|  |TAMS 0x0000000610a00000, 0x0000000610a00000| Untracked 
| 102|0x0000000610c00000, 0x0000000610c00000, 0x0000000610e00000|  0%| F|  |TAMS 0x0000000610c00000, 0x0000000610c00000| Untracked 
| 103|0x0000000610e00000, 0x0000000610e00000, 0x0000000611000000|  0%| F|  |TAMS 0x0000000610e00000, 0x0000000610e00000| Untracked 
| 104|0x0000000611000000, 0x0000000611000000, 0x0000000611200000|  0%| F|  |TAMS 0x0000000611000000, 0x0000000611000000| Untracked 
| 105|0x0000000611200000, 0x0000000611200000, 0x0000000611400000|  0%| F|  |TAMS 0x0000000611200000, 0x0000000611200000| Untracked 
| 106|0x0000000611400000, 0x0000000611400000, 0x0000000611600000|  0%| F|  |TAMS 0x0000000611400000, 0x0000000611400000| Untracked 
| 107|0x0000000611600000, 0x0000000611600000, 0x0000000611800000|  0%| F|  |TAMS 0x0000000611600000, 0x0000000611600000| Untracked 
| 108|0x0000000611800000, 0x0000000611800000, 0x0000000611a00000|  0%| F|  |TAMS 0x0000000611800000, 0x0000000611800000| Untracked 
| 109|0x0000000611a00000, 0x0000000611a00000, 0x0000000611c00000|  0%| F|  |TAMS 0x0000000611a00000, 0x0000000611a00000| Untracked 
| 110|0x0000000611c00000, 0x0000000611c00000, 0x0000000611e00000|  0%| F|  |TAMS 0x0000000611c00000, 0x0000000611c00000| Untracked 
| 111|0x0000000611e00000, 0x0000000611e00000, 0x0000000612000000|  0%| F|  |TAMS 0x0000000611e00000, 0x0000000611e00000| Untracked 
| 112|0x0000000612000000, 0x0000000612000000, 0x0000000612200000|  0%| F|  |TAMS 0x0000000612000000, 0x0000000612000000| Untracked 
| 113|0x0000000612200000, 0x0000000612200000, 0x0000000612400000|  0%| F|  |TAMS 0x0000000612200000, 0x0000000612200000| Untracked 
| 114|0x0000000612400000, 0x0000000612400000, 0x0000000612600000|  0%| F|  |TAMS 0x0000000612400000, 0x0000000612400000| Untracked 
| 115|0x0000000612600000, 0x0000000612600000, 0x0000000612800000|  0%| F|  |TAMS 0x0000000612600000, 0x0000000612600000| Untracked 
| 116|0x0000000612800000, 0x0000000612800000, 0x0000000612a00000|  0%| F|  |TAMS 0x0000000612800000, 0x0000000612800000| Untracked 
| 117|0x0000000612a00000, 0x0000000612a00000, 0x0000000612c00000|  0%| F|  |TAMS 0x0000000612a00000, 0x0000000612a00000| Untracked 
| 118|0x0000000612c00000, 0x0000000612c00000, 0x0000000612e00000|  0%| F|  |TAMS 0x0000000612c00000, 0x0000000612c00000| Untracked 
| 119|0x0000000612e00000, 0x0000000612e00000, 0x0000000613000000|  0%| F|  |TAMS 0x0000000612e00000, 0x0000000612e00000| Untracked 
| 120|0x0000000613000000, 0x0000000613000000, 0x0000000613200000|  0%| F|  |TAMS 0x0000000613000000, 0x0000000613000000| Untracked 
| 121|0x0000000613200000, 0x0000000613200000, 0x0000000613400000|  0%| F|  |TAMS 0x0000000613200000, 0x0000000613200000| Untracked 
| 122|0x0000000613400000, 0x0000000613400000, 0x0000000613600000|  0%| F|  |TAMS 0x0000000613400000, 0x0000000613400000| Untracked 
| 123|0x0000000613600000, 0x0000000613600000, 0x0000000613800000|  0%| F|  |TAMS 0x0000000613600000, 0x0000000613600000| Untracked 
| 124|0x0000000613800000, 0x0000000613800000, 0x0000000613a00000|  0%| F|  |TAMS 0x0000000613800000, 0x0000000613800000| Untracked 
| 125|0x0000000613a00000, 0x0000000613a00000, 0x0000000613c00000|  0%| F|  |TAMS 0x0000000613a00000, 0x0000000613a00000| Untracked 
| 126|0x0000000613c00000, 0x0000000613c00000, 0x0000000613e00000|  0%| F|  |TAMS 0x0000000613c00000, 0x0000000613c00000| Untracked 
| 127|0x0000000613e00000, 0x0000000613e00000, 0x0000000614000000|  0%| F|  |TAMS 0x0000000613e00000, 0x0000000613e00000| Untracked 
| 128|0x0000000614000000, 0x0000000614000000, 0x0000000614200000|  0%| F|  |TAMS 0x0000000614000000, 0x0000000614000000| Untracked 
| 129|0x0000000614200000, 0x0000000614200000, 0x0000000614400000|  0%| F|  |TAMS 0x0000000614200000, 0x0000000614200000| Untracked 
| 130|0x0000000614400000, 0x0000000614400000, 0x0000000614600000|  0%| F|  |TAMS 0x0000000614400000, 0x0000000614400000| Untracked 
| 131|0x0000000614600000, 0x0000000614600000, 0x0000000614800000|  0%| F|  |TAMS 0x0000000614600000, 0x0000000614600000| Untracked 
| 132|0x0000000614800000, 0x0000000614800000, 0x0000000614a00000|  0%| F|  |TAMS 0x0000000614800000, 0x0000000614800000| Untracked 
| 133|0x0000000614a00000, 0x0000000614a00000, 0x0000000614c00000|  0%| F|  |TAMS 0x0000000614a00000, 0x0000000614a00000| Untracked 
| 134|0x0000000614c00000, 0x0000000614c00000, 0x0000000614e00000|  0%| F|  |TAMS 0x0000000614c00000, 0x0000000614c00000| Untracked 
| 135|0x0000000614e00000, 0x0000000614e00000, 0x0000000615000000|  0%| F|  |TAMS 0x0000000614e00000, 0x0000000614e00000| Untracked 
| 136|0x0000000615000000, 0x0000000615000000, 0x0000000615200000|  0%| F|  |TAMS 0x0000000615000000, 0x0000000615000000| Untracked 
| 137|0x0000000615200000, 0x0000000615200000, 0x0000000615400000|  0%| F|  |TAMS 0x0000000615200000, 0x0000000615200000| Untracked 
| 138|0x0000000615400000, 0x0000000615400000, 0x0000000615600000|  0%| F|  |TAMS 0x0000000615400000, 0x0000000615400000| Untracked 
| 139|0x0000000615600000, 0x0000000615600000, 0x0000000615800000|  0%| F|  |TAMS 0x0000000615600000, 0x0000000615600000| Untracked 
| 140|0x0000000615800000, 0x0000000615800000, 0x0000000615a00000|  0%| F|  |TAMS 0x0000000615800000, 0x0000000615800000| Untracked 
| 141|0x0000000615a00000, 0x0000000615a00000, 0x0000000615c00000|  0%| F|  |TAMS 0x0000000615a00000, 0x0000000615a00000| Untracked 
| 142|0x0000000615c00000, 0x0000000615c00000, 0x0000000615e00000|  0%| F|  |TAMS 0x0000000615c00000, 0x0000000615c00000| Untracked 
| 143|0x0000000615e00000, 0x0000000615e00000, 0x0000000616000000|  0%| F|  |TAMS 0x0000000615e00000, 0x0000000615e00000| Untracked 
| 144|0x0000000616000000, 0x0000000616000000, 0x0000000616200000|  0%| F|  |TAMS 0x0000000616000000, 0x0000000616000000| Untracked 
| 145|0x0000000616200000, 0x0000000616200000, 0x0000000616400000|  0%| F|  |TAMS 0x0000000616200000, 0x0000000616200000| Untracked 
| 146|0x0000000616400000, 0x0000000616400000, 0x0000000616600000|  0%| F|  |TAMS 0x0000000616400000, 0x0000000616400000| Untracked 
| 147|0x0000000616600000, 0x0000000616600000, 0x0000000616800000|  0%| F|  |TAMS 0x0000000616600000, 0x0000000616600000| Untracked 
| 148|0x0000000616800000, 0x0000000616800000, 0x0000000616a00000|  0%| F|  |TAMS 0x0000000616800000, 0x0000000616800000| Untracked 
| 149|0x0000000616a00000, 0x0000000616a00000, 0x0000000616c00000|  0%| F|  |TAMS 0x0000000616a00000, 0x0000000616a00000| Untracked 
| 150|0x0000000616c00000, 0x0000000616c00000, 0x0000000616e00000|  0%| F|  |TAMS 0x0000000616c00000, 0x0000000616c00000| Untracked 
| 151|0x0000000616e00000, 0x0000000616e00000, 0x0000000617000000|  0%| F|  |TAMS 0x0000000616e00000, 0x0000000616e00000| Untracked 
| 152|0x0000000617000000, 0x0000000617000000, 0x0000000617200000|  0%| F|  |TAMS 0x0000000617000000, 0x0000000617000000| Untracked 
| 153|0x0000000617200000, 0x0000000617200000, 0x0000000617400000|  0%| F|  |TAMS 0x0000000617200000, 0x0000000617200000| Untracked 
| 154|0x0000000617400000, 0x0000000617400000, 0x0000000617600000|  0%| F|  |TAMS 0x0000000617400000, 0x0000000617400000| Untracked 
| 155|0x0000000617600000, 0x0000000617600000, 0x0000000617800000|  0%| F|  |TAMS 0x0000000617600000, 0x0000000617600000| Untracked 
| 156|0x0000000617800000, 0x0000000617800000, 0x0000000617a00000|  0%| F|  |TAMS 0x0000000617800000, 0x0000000617800000| Untracked 
| 157|0x0000000617a00000, 0x0000000617a00000, 0x0000000617c00000|  0%| F|  |TAMS 0x0000000617a00000, 0x0000000617a00000| Untracked 
| 158|0x0000000617c00000, 0x0000000617c00000, 0x0000000617e00000|  0%| F|  |TAMS 0x0000000617c00000, 0x0000000617c00000| Untracked 
| 159|0x0000000617e00000, 0x0000000617e00000, 0x0000000618000000|  0%| F|  |TAMS 0x0000000617e00000, 0x0000000617e00000| Untracked 
| 160|0x0000000618000000, 0x0000000618000000, 0x0000000618200000|  0%| F|  |TAMS 0x0000000618000000, 0x0000000618000000| Untracked 
| 161|0x0000000618200000, 0x0000000618200000, 0x0000000618400000|  0%| F|  |TAMS 0x0000000618200000, 0x0000000618200000| Untracked 
| 162|0x0000000618400000, 0x0000000618400000, 0x0000000618600000|  0%| F|  |TAMS 0x0000000618400000, 0x0000000618400000| Untracked 
| 163|0x0000000618600000, 0x0000000618600000, 0x0000000618800000|  0%| F|  |TAMS 0x0000000618600000, 0x0000000618600000| Untracked 
| 164|0x0000000618800000, 0x0000000618800000, 0x0000000618a00000|  0%| F|  |TAMS 0x0000000618800000, 0x0000000618800000| Untracked 
| 165|0x0000000618a00000, 0x0000000618a00000, 0x0000000618c00000|  0%| F|  |TAMS 0x0000000618a00000, 0x0000000618a00000| Untracked 
| 166|0x0000000618c00000, 0x0000000618c00000, 0x0000000618e00000|  0%| F|  |TAMS 0x0000000618c00000, 0x0000000618c00000| Untracked 
| 167|0x0000000618e00000, 0x0000000618e00000, 0x0000000619000000|  0%| F|  |TAMS 0x0000000618e00000, 0x0000000618e00000| Untracked 
| 168|0x0000000619000000, 0x0000000619000000, 0x0000000619200000|  0%| F|  |TAMS 0x0000000619000000, 0x0000000619000000| Untracked 
| 169|0x0000000619200000, 0x0000000619200000, 0x0000000619400000|  0%| F|  |TAMS 0x0000000619200000, 0x0000000619200000| Untracked 
| 170|0x0000000619400000, 0x0000000619400000, 0x0000000619600000|  0%| F|  |TAMS 0x0000000619400000, 0x0000000619400000| Untracked 
| 171|0x0000000619600000, 0x0000000619600000, 0x0000000619800000|  0%| F|  |TAMS 0x0000000619600000, 0x0000000619600000| Untracked 
| 172|0x0000000619800000, 0x0000000619800000, 0x0000000619a00000|  0%| F|  |TAMS 0x0000000619800000, 0x0000000619800000| Untracked 
| 173|0x0000000619a00000, 0x0000000619a00000, 0x0000000619c00000|  0%| F|  |TAMS 0x0000000619a00000, 0x0000000619a00000| Untracked 
| 174|0x0000000619c00000, 0x0000000619c00000, 0x0000000619e00000|  0%| F|  |TAMS 0x0000000619c00000, 0x0000000619c00000| Untracked 
| 175|0x0000000619e00000, 0x0000000619e00000, 0x000000061a000000|  0%| F|  |TAMS 0x0000000619e00000, 0x0000000619e00000| Untracked 
| 176|0x000000061a000000, 0x000000061a000000, 0x000000061a200000|  0%| F|  |TAMS 0x000000061a000000, 0x000000061a000000| Untracked 
| 177|0x000000061a200000, 0x000000061a200000, 0x000000061a400000|  0%| F|  |TAMS 0x000000061a200000, 0x000000061a200000| Untracked 
| 178|0x000000061a400000, 0x000000061a400000, 0x000000061a600000|  0%| F|  |TAMS 0x000000061a400000, 0x000000061a400000| Untracked 
| 179|0x000000061a600000, 0x000000061a600000, 0x000000061a800000|  0%| F|  |TAMS 0x000000061a600000, 0x000000061a600000| Untracked 
| 180|0x000000061a800000, 0x000000061a800000, 0x000000061aa00000|  0%| F|  |TAMS 0x000000061a800000, 0x000000061a800000| Untracked 
| 181|0x000000061aa00000, 0x000000061aa00000, 0x000000061ac00000|  0%| F|  |TAMS 0x000000061aa00000, 0x000000061aa00000| Untracked 
| 182|0x000000061ac00000, 0x000000061ac00000, 0x000000061ae00000|  0%| F|  |TAMS 0x000000061ac00000, 0x000000061ac00000| Untracked 
| 183|0x000000061ae00000, 0x000000061ae00000, 0x000000061b000000|  0%| F|  |TAMS 0x000000061ae00000, 0x000000061ae00000| Untracked 
| 184|0x000000061b000000, 0x000000061b000000, 0x000000061b200000|  0%| F|  |TAMS 0x000000061b000000, 0x000000061b000000| Untracked 
| 185|0x000000061b200000, 0x000000061b200000, 0x000000061b400000|  0%| F|  |TAMS 0x000000061b200000, 0x000000061b200000| Untracked 
| 186|0x000000061b400000, 0x000000061b400000, 0x000000061b600000|  0%| F|  |TAMS 0x000000061b400000, 0x000000061b400000| Untracked 
| 187|0x000000061b600000, 0x000000061b600000, 0x000000061b800000|  0%| F|  |TAMS 0x000000061b600000, 0x000000061b600000| Untracked 
| 188|0x000000061b800000, 0x000000061b800000, 0x000000061ba00000|  0%| F|  |TAMS 0x000000061b800000, 0x000000061b800000| Untracked 
| 189|0x000000061ba00000, 0x000000061ba00000, 0x000000061bc00000|  0%| F|  |TAMS 0x000000061ba00000, 0x000000061ba00000| Untracked 
| 190|0x000000061bc00000, 0x000000061bc00000, 0x000000061be00000|  0%| F|  |TAMS 0x000000061bc00000, 0x000000061bc00000| Untracked 
| 191|0x000000061be00000, 0x000000061be00000, 0x000000061c000000|  0%| F|  |TAMS 0x000000061be00000, 0x000000061be00000| Untracked 
| 192|0x000000061c000000, 0x000000061c000000, 0x000000061c200000|  0%| F|  |TAMS 0x000000061c000000, 0x000000061c000000| Untracked 
| 193|0x000000061c200000, 0x000000061c200000, 0x000000061c400000|  0%| F|  |TAMS 0x000000061c200000, 0x000000061c200000| Untracked 
| 194|0x000000061c400000, 0x000000061c400000, 0x000000061c600000|  0%| F|  |TAMS 0x000000061c400000, 0x000000061c400000| Untracked 
| 195|0x000000061c600000, 0x000000061c600000, 0x000000061c800000|  0%| F|  |TAMS 0x000000061c600000, 0x000000061c600000| Untracked 
| 196|0x000000061c800000, 0x000000061c800000, 0x000000061ca00000|  0%| F|  |TAMS 0x000000061c800000, 0x000000061c800000| Untracked 
| 197|0x000000061ca00000, 0x000000061ca00000, 0x000000061cc00000|  0%| F|  |TAMS 0x000000061ca00000, 0x000000061ca00000| Untracked 
| 198|0x000000061cc00000, 0x000000061cc00000, 0x000000061ce00000|  0%| F|  |TAMS 0x000000061cc00000, 0x000000061cc00000| Untracked 
| 199|0x000000061ce00000, 0x000000061ce00000, 0x000000061d000000|  0%| F|  |TAMS 0x000000061ce00000, 0x000000061ce00000| Untracked 
| 200|0x000000061d000000, 0x000000061d000000, 0x000000061d200000|  0%| F|  |TAMS 0x000000061d000000, 0x000000061d000000| Untracked 
| 201|0x000000061d200000, 0x000000061d200000, 0x000000061d400000|  0%| F|  |TAMS 0x000000061d200000, 0x000000061d200000| Untracked 
| 202|0x000000061d400000, 0x000000061d400000, 0x000000061d600000|  0%| F|  |TAMS 0x000000061d400000, 0x000000061d400000| Untracked 
| 203|0x000000061d600000, 0x000000061d600000, 0x000000061d800000|  0%| F|  |TAMS 0x000000061d600000, 0x000000061d600000| Untracked 
| 204|0x000000061d800000, 0x000000061d800000, 0x000000061da00000|  0%| F|  |TAMS 0x000000061d800000, 0x000000061d800000| Untracked 
| 205|0x000000061da00000, 0x000000061da00000, 0x000000061dc00000|  0%| F|  |TAMS 0x000000061da00000, 0x000000061da00000| Untracked 
| 206|0x000000061dc00000, 0x000000061dc00000, 0x000000061de00000|  0%| F|  |TAMS 0x000000061dc00000, 0x000000061dc00000| Untracked 
| 207|0x000000061de00000, 0x000000061de00000, 0x000000061e000000|  0%| F|  |TAMS 0x000000061de00000, 0x000000061de00000| Untracked 
| 208|0x000000061e000000, 0x000000061e000000, 0x000000061e200000|  0%| F|  |TAMS 0x000000061e000000, 0x000000061e000000| Untracked 
| 209|0x000000061e200000, 0x000000061e200000, 0x000000061e400000|  0%| F|  |TAMS 0x000000061e200000, 0x000000061e200000| Untracked 
| 210|0x000000061e400000, 0x000000061e400000, 0x000000061e600000|  0%| F|  |TAMS 0x000000061e400000, 0x000000061e400000| Untracked 
| 211|0x000000061e600000, 0x000000061e600000, 0x000000061e800000|  0%| F|  |TAMS 0x000000061e600000, 0x000000061e600000| Untracked 
| 212|0x000000061e800000, 0x000000061e800000, 0x000000061ea00000|  0%| F|  |TAMS 0x000000061e800000, 0x000000061e800000| Untracked 
| 213|0x000000061ea00000, 0x000000061ea00000, 0x000000061ec00000|  0%| F|  |TAMS 0x000000061ea00000, 0x000000061ea00000| Untracked 
| 214|0x000000061ec00000, 0x000000061ec00000, 0x000000061ee00000|  0%| F|  |TAMS 0x000000061ec00000, 0x000000061ec00000| Untracked 
| 215|0x000000061ee00000, 0x000000061ee00000, 0x000000061f000000|  0%| F|  |TAMS 0x000000061ee00000, 0x000000061ee00000| Untracked 
| 216|0x000000061f000000, 0x000000061f000000, 0x000000061f200000|  0%| F|  |TAMS 0x000000061f000000, 0x000000061f000000| Untracked 
| 217|0x000000061f200000, 0x000000061f200000, 0x000000061f400000|  0%| F|  |TAMS 0x000000061f200000, 0x000000061f200000| Untracked 
| 218|0x000000061f400000, 0x000000061f400000, 0x000000061f600000|  0%| F|  |TAMS 0x000000061f400000, 0x000000061f400000| Untracked 
| 219|0x000000061f600000, 0x000000061f600000, 0x000000061f800000|  0%| F|  |TAMS 0x000000061f600000, 0x000000061f600000| Untracked 
| 220|0x000000061f800000, 0x000000061f800000, 0x000000061fa00000|  0%| F|  |TAMS 0x000000061f800000, 0x000000061f800000| Untracked 
| 221|0x000000061fa00000, 0x000000061fa00000, 0x000000061fc00000|  0%| F|  |TAMS 0x000000061fa00000, 0x000000061fa00000| Untracked 
| 222|0x000000061fc00000, 0x000000061fc00000, 0x000000061fe00000|  0%| F|  |TAMS 0x000000061fc00000, 0x000000061fc00000| Untracked 
| 223|0x000000061fe00000, 0x000000061fe00000, 0x0000000620000000|  0%| F|  |TAMS 0x000000061fe00000, 0x000000061fe00000| Untracked 
| 224|0x0000000620000000, 0x0000000620000000, 0x0000000620200000|  0%| F|  |TAMS 0x0000000620000000, 0x0000000620000000| Untracked 
| 225|0x0000000620200000, 0x0000000620200000, 0x0000000620400000|  0%| F|  |TAMS 0x0000000620200000, 0x0000000620200000| Untracked 
| 226|0x0000000620400000, 0x0000000620400000, 0x0000000620600000|  0%| F|  |TAMS 0x0000000620400000, 0x0000000620400000| Untracked 
| 227|0x0000000620600000, 0x0000000620600000, 0x0000000620800000|  0%| F|  |TAMS 0x0000000620600000, 0x0000000620600000| Untracked 
| 228|0x0000000620800000, 0x0000000620800000, 0x0000000620a00000|  0%| F|  |TAMS 0x0000000620800000, 0x0000000620800000| Untracked 
| 229|0x0000000620a00000, 0x0000000620a00000, 0x0000000620c00000|  0%| F|  |TAMS 0x0000000620a00000, 0x0000000620a00000| Untracked 
| 230|0x0000000620c00000, 0x0000000620c00000, 0x0000000620e00000|  0%| F|  |TAMS 0x0000000620c00000, 0x0000000620c00000| Untracked 
| 231|0x0000000620e00000, 0x0000000620e00000, 0x0000000621000000|  0%| F|  |TAMS 0x0000000620e00000, 0x0000000620e00000| Untracked 
| 232|0x0000000621000000, 0x0000000621000000, 0x0000000621200000|  0%| F|  |TAMS 0x0000000621000000, 0x0000000621000000| Untracked 
| 233|0x0000000621200000, 0x0000000621200000, 0x0000000621400000|  0%| F|  |TAMS 0x0000000621200000, 0x0000000621200000| Untracked 
| 234|0x0000000621400000, 0x0000000621400000, 0x0000000621600000|  0%| F|  |TAMS 0x0000000621400000, 0x0000000621400000| Untracked 
| 235|0x0000000621600000, 0x0000000621600000, 0x0000000621800000|  0%| F|  |TAMS 0x0000000621600000, 0x0000000621600000| Untracked 
| 236|0x0000000621800000, 0x0000000621800000, 0x0000000621a00000|  0%| F|  |TAMS 0x0000000621800000, 0x0000000621800000| Untracked 
| 237|0x0000000621a00000, 0x0000000621a00000, 0x0000000621c00000|  0%| F|  |TAMS 0x0000000621a00000, 0x0000000621a00000| Untracked 
| 238|0x0000000621c00000, 0x0000000621c00000, 0x0000000621e00000|  0%| F|  |TAMS 0x0000000621c00000, 0x0000000621c00000| Untracked 
| 239|0x0000000621e00000, 0x0000000621e00000, 0x0000000622000000|  0%| F|  |TAMS 0x0000000621e00000, 0x0000000621e00000| Untracked 
| 240|0x0000000622000000, 0x000000062215b240, 0x0000000622200000| 67%| S|CS|TAMS 0x0000000622000000, 0x0000000622000000| Complete 
| 241|0x0000000622200000, 0x0000000622400000, 0x0000000622400000|100%| S|CS|TAMS 0x0000000622200000, 0x0000000622200000| Complete 
| 242|0x0000000622400000, 0x0000000622400000, 0x0000000622600000|  0%| F|  |TAMS 0x0000000622400000, 0x0000000622400000| Untracked 
| 243|0x0000000622600000, 0x0000000622600000, 0x0000000622800000|  0%| F|  |TAMS 0x0000000622600000, 0x0000000622600000| Untracked 
| 244|0x0000000622800000, 0x0000000622800000, 0x0000000622a00000|  0%| F|  |TAMS 0x0000000622800000, 0x0000000622800000| Untracked 
| 245|0x0000000622a00000, 0x0000000622a00000, 0x0000000622c00000|  0%| F|  |TAMS 0x0000000622a00000, 0x0000000622a00000| Untracked 
| 246|0x0000000622c00000, 0x0000000622c00000, 0x0000000622e00000|  0%| F|  |TAMS 0x0000000622c00000, 0x0000000622c00000| Untracked 
| 247|0x0000000622e00000, 0x0000000622e00000, 0x0000000623000000|  0%| F|  |TAMS 0x0000000622e00000, 0x0000000622e00000| Untracked 
| 248|0x0000000623000000, 0x0000000623100800, 0x0000000623200000| 50%| E|  |TAMS 0x0000000623000000, 0x0000000623000000| Complete 
| 249|0x0000000623200000, 0x0000000623400000, 0x0000000623400000|100%| E|CS|TAMS 0x0000000623200000, 0x0000000623200000| Complete 
| 250|0x0000000623400000, 0x0000000623600000, 0x0000000623600000|100%| E|CS|TAMS 0x0000000623400000, 0x0000000623400000| Complete 
| 251|0x0000000623600000, 0x0000000623800000, 0x0000000623800000|100%| E|CS|TAMS 0x0000000623600000, 0x0000000623600000| Complete 
| 252|0x0000000623800000, 0x0000000623a00000, 0x0000000623a00000|100%| E|CS|TAMS 0x0000000623800000, 0x0000000623800000| Complete 
| 253|0x0000000623a00000, 0x0000000623c00000, 0x0000000623c00000|100%| E|CS|TAMS 0x0000000623a00000, 0x0000000623a00000| Complete 

Card table byte_map: [0x0000021c73140000,0x0000021c74120000] _byte_map_base: 0x0000021c70120000

Marking Bits (Prev, Next): (CMBitMap*) 0x0000021c69115538, (CMBitMap*) 0x0000021c69115570
 Prev Bits: [0x0000021c75100000, 0x0000021c7d000000)
 Next Bits: [0x0000021c0f000000, 0x0000021c16f00000)

Polling page: 0x0000021c662b0000

Metaspace:

Usage:
  Non-class:     18.06 MB capacity,    17.89 MB (>99%) used,   120.04 KB ( <1%) free+waste,    47.88 KB ( <1%) overhead. 
      Class:      2.09 MB capacity,     1.90 MB ( 91%) used,   171.42 KB (  8%) free+waste,    24.38 KB (  1%) overhead. 
       Both:     20.15 MB capacity,    19.79 MB ( 98%) used,   291.46 KB (  1%) free+waste,    72.25 KB ( <1%) overhead. 

Virtual space:
  Non-class space:       20.00 MB reserved,      18.25 MB ( 91%) committed 
      Class space:        1.00 GB reserved,       2.13 MB ( <1%) committed 
             Both:        1.02 GB reserved,      20.38 MB (  2%) committed 

Chunk freelists:
   Non-Class:  896 bytes
       Class:  384 bytes
        Both:  1.25 KB

CodeHeap 'non-profiled nmethods': size=119168Kb used=432Kb max_used=432Kb free=118735Kb
 bounds [0x0000021c07ba0000, 0x0000021c07e10000, 0x0000021c0f000000]
CodeHeap 'profiled nmethods': size=119168Kb used=2473Kb max_used=2473Kb free=116695Kb
 bounds [0x0000021c00740000, 0x0000021c009b0000, 0x0000021c07ba0000]
CodeHeap 'non-nmethods': size=7424Kb used=1974Kb max_used=1989Kb free=5449Kb
 bounds [0x0000021c00000000, 0x0000021c00270000, 0x0000021c00740000]
 total_blobs=2372 nmethods=1263 adapters=782
 compilation: enabled
              stopped_count=0, restarted_count=0
 full_count=0

Compilation events (10 events):
Event: 0.797 Thread 0x0000021c17826800 1259       3       java.nio.Buffer::checkIndex (24 bytes)
Event: 0.797 Thread 0x0000021c185b2800 1260       3       java.nio.HeapCharBuffer::ix (7 bytes)
Event: 0.797 Thread 0x0000021c185b2800 nmethod 1260 0x0000021c009a8a10 code [0x0000021c009a8bc0, 0x0000021c009a8d18]
Event: 0.797 Thread 0x0000021c185b2800 1261       3       java.nio.CharBuffer::charAt (16 bytes)
Event: 0.797 Thread 0x0000021c17826800 nmethod 1259 0x0000021c009a8d90 code [0x0000021c009a8f60, 0x0000021c009a9210]
Event: 0.797 Thread 0x0000021c17826800 1262       3       java.nio.HeapCharBuffer::get (15 bytes)
Event: 0.797 Thread 0x0000021c185b2800 nmethod 1261 0x0000021c009a9310 code [0x0000021c009a9500, 0x0000021c009a9900]
Event: 0.797 Thread 0x0000021c185b2800 1263       3       java.util.regex.Pattern$$Lambda$133/0x00000008001dac40::is (5 bytes)
Event: 0.797 Thread 0x0000021c17826800 nmethod 1262 0x0000021c009a9a90 code [0x0000021c009a9c60, 0x0000021c009a9e98]
Event: 0.797 Thread 0x0000021c185b2800 nmethod 1263 0x0000021c009aa010 code [0x0000021c009aa1c0, 0x0000021c009aa378]

GC Heap History (2 events):
Event: 0.613 GC heap before
{Heap before GC invocations=0 (full 0):
 garbage-first heap   total 520192K, used 22528K [0x0000000604000000, 0x0000000800000000)
  region size 2048K, 12 young (24576K), 0 survivors (0K)
 Metaspace       used 15750K, capacity 15973K, committed 16128K, reserved 1064960K
  class space    used 1362K, capacity 1473K, committed 1536K, reserved 1048576K
}
Event: 0.644 GC heap after
{Heap after GC invocations=1 (full 0):
 garbage-first heap   total 520192K, used 3436K [0x0000000604000000, 0x0000000800000000)
  region size 2048K, 2 young (4096K), 2 survivors (4096K)
 Metaspace       used 15750K, capacity 15973K, committed 16128K, reserved 1064960K
  class space    used 1362K, capacity 1473K, committed 1536K, reserved 1048576K
}

Deoptimization events (10 events):
Event: 0.713 Thread 0x0000021c18a5d000 Uncommon trap: reason=class_check action=maybe_recompile pc=0x0000021c07bf7c3c method=java.util.HashMap.putVal(ILjava/lang/Object;Ljava/lang/Object;ZZ)Ljava/lang/Object; @ 91 c2
Event: 0.713 Thread 0x0000021c18a5d000 Uncommon trap: reason=class_check action=maybe_recompile pc=0x0000021c07bf7c3c method=java.util.HashMap.putVal(ILjava/lang/Object;Ljava/lang/Object;ZZ)Ljava/lang/Object; @ 91 c2
Event: 0.715 Thread 0x0000021c6908a800 Uncommon trap: reason=unstable_if action=reinterpret pc=0x0000021c07be0038 method=jdk.internal.org.objectweb.asm.Frame.execute(IILjdk/internal/org/objectweb/asm/ClassWriter;Ljdk/internal/org/objectweb/asm/Item;)V @ 1 c2
Event: 0.731 Thread 0x0000021c6908a800 Uncommon trap: reason=unstable_if action=reinterpret pc=0x0000021c07be28bc method=java.lang.String.startsWith(Ljava/lang/String;I)Z @ 14 c2
Event: 0.737 Thread 0x0000021c6908a800 Uncommon trap: reason=bimorphic_or_optimized_type_check action=maybe_recompile pc=0x0000021c07becb9c method=java.util.HashMap.getNode(ILjava/lang/Object;)Ljava/util/HashMap$Node; @ 59 c2
Event: 0.737 Thread 0x0000021c6908a800 Uncommon trap: reason=bimorphic_or_optimized_type_check action=maybe_recompile pc=0x0000021c07becb9c method=java.util.HashMap.getNode(ILjava/lang/Object;)Ljava/util/HashMap$Node; @ 59 c2
Event: 0.796 Thread 0x0000021c198d7000 Uncommon trap: reason=unstable_if action=reinterpret pc=0x0000021c07bccd00 method=java.lang.AbstractStringBuilder.putStringAt(ILjava/lang/String;)V @ 8 c2
Event: 0.796 Thread 0x0000021c198d7000 Uncommon trap: reason=unstable_if action=reinterpret pc=0x0000021c07bdb170 method=java.lang.AbstractStringBuilder.putStringAt(ILjava/lang/String;)V @ 8 c2
Event: 0.796 Thread 0x0000021c198d7000 Uncommon trap: reason=unstable_if action=reinterpret pc=0x0000021c07bcd874 method=java.lang.String.getBytes([BIB)V @ 5 c2
Event: 0.796 Thread 0x0000021c198d7000 Uncommon trap: reason=unstable_if action=reinterpret pc=0x0000021c07be485c method=java.lang.AbstractStringBuilder.isLatin1()Z @ 10 c2

Classes redefined (0 events):
No events

Internal exceptions (10 events):
Event: 0.700 Thread 0x0000021c6908a800 Exception <a 'java/lang/NoSuchMethodError'{0x00000006238f6d90}: java.lang.invoke.DirectMethodHandle$Holder.invokeStatic(Ljava/lang/Object;ILjava/lang/Object;Ljava/lang/Object;Ljava/lang/Object;)Ljava/lang/Object;> (0x00000006238f6d90) thrown at [t:/worksp
Event: 0.700 Thread 0x0000021c6908a800 Exception <a 'java/lang/NoSuchMethodError'{0x00000006238fa8d0}: java.lang.invoke.DirectMethodHandle$Holder.invokeSpecial(Ljava/lang/Object;Ljava/lang/Object;ILjava/lang/Object;Ljava/lang/Object;Ljava/lang/Object;)Ljava/lang/Object;> (0x00000006238fa8d0) t
Event: 0.708 Thread 0x0000021c6908a800 Exception <a 'java/lang/ClassNotFoundException'{0x00000006236c1188}: com/sun/swing/internal/plaf/metal/resources/spi/metalProvider> (0x00000006236c1188) thrown at [t:/workspace/open/src/hotspot/share/classfile/systemDictionary.cpp, line 231]
Event: 0.708 Thread 0x0000021c6908a800 Exception <a 'java/lang/ClassNotFoundException'{0x00000006236c5288}: com/sun/swing/internal/plaf/basic/resources/spi/basicProvider> (0x00000006236c5288) thrown at [t:/workspace/open/src/hotspot/share/classfile/systemDictionary.cpp, line 231]
Event: 0.719 Thread 0x0000021c6908a800 Exception <a 'java/lang/NoSuchMethodError'{0x000000062372e718}: java.lang.invoke.DirectMethodHandle$Holder.invokeStaticInit(Ljava/lang/Object;)V> (0x000000062372e718) thrown at [t:/workspace/open/src/hotspot/share/interpreter/linkResolver.cpp, line 772]
Event: 0.732 Thread 0x0000021c6908a800 Exception <a 'java/lang/NoSuchMethodError'{0x0000000623270be8}: java.lang.invoke.DirectMethodHandle$Holder.invokeStatic(Ljava/lang/Object;Ljava/lang/Object;Ljava/lang/Object;Ljava/lang/Object;Ljava/lang/Object;Ljava/lang/Object;Ljava/lang/Object;Ljava/lan
Event: 0.733 Thread 0x0000021c6908a800 Exception <a 'java/lang/NoSuchMethodError'{0x000000062328f368}: java.lang.invoke.DirectMethodHandle$Holder.invokeStatic(Ljava/lang/Object;Ljava/lang/Object;Ljava/lang/Object;Ljava/lang/Object;Ljava/lang/Object;Ljava/lang/Object;Ljava/lang/Object;Ljava/lan
Event: 0.733 Thread 0x0000021c6908a800 Exception <a 'java/lang/NoSuchMethodError'{0x00000006232ae2f8}: java.lang.invoke.DirectMethodHandle$Holder.invokeStatic(Ljava/lang/Object;Ljava/lang/Object;Ljava/lang/Object;Ljava/lang/Object;Ljava/lang/Object;Ljava/lang/Object;Ljava/lang/Object;Ljava/lan
Event: 0.734 Thread 0x0000021c6908a800 Exception <a 'java/lang/NoSuchMethodError'{0x00000006232ba350}: java.lang.invoke.Invokers$Holder.linkToTargetMethod(Ljava/lang/Object;ILjava/lang/Object;)Ljava/lang/Object;> (0x00000006232ba350) thrown at [t:/workspace/open/src/hotspot/share/interpreter/l
Event: 0.745 Thread 0x0000021c6908a800 Exception <a 'java/lang/reflect/InvocationTargetException'{0x00000006232d8270}> (0x00000006232d8270) thrown at [t:/workspace/open/src/hotspot/share/runtime/reflection.cpp, line 1242]

Events (10 events):
Event: 0.796 Thread 0x0000021c198d7000 DEOPT PACKING pc=0x0000021c07be485c sp=0x000000e92dafa9d0
Event: 0.796 Thread 0x0000021c198d7000 DEOPT UNPACKING pc=0x0000021c000291af sp=0x000000e92dafa950 mode 2
Event: 0.796 loading class sun/nio/ch/Util
Event: 0.796 loading class sun/nio/ch/Util done
Event: 0.796 loading class sun/nio/ch/Util$1
Event: 0.796 loading class sun/nio/ch/Util$1 done
Event: 0.796 loading class sun/nio/ch/Util$BufferCache
Event: 0.796 loading class sun/nio/ch/Util$BufferCache done
Event: 0.796 loading class sun/nio/ch/IOStatus
Event: 0.796 loading class sun/nio/ch/IOStatus done


Dynamic libraries:
0x00007ff624640000 - 0x00007ff624685000 	C:\Users\IlijaPC\Downloads\openjdk-11_windows-x64_bin\jdk-11\bin\javaw.exe
0x00007ffeb9930000 - 0x00007ffeb9b44000 	C:\WINDOWS\SYSTEM32\ntdll.dll
0x00007ffeb7ad0000 - 0x00007ffeb7b94000 	C:\WINDOWS\System32\KERNEL32.DLL
0x00007ffeb6ea0000 - 0x00007ffeb7244000 	C:\WINDOWS\System32\KERNELBASE.dll
0x00007ffe8d780000 - 0x00007ffe8d855000 	C:\Program Files\Bitdefender\Bitdefender Security\bdhkm\dlls_266758771698845320\bdhkm64.dll
0x00007ffe8d620000 - 0x00007ffe8d779000 	C:\Program Files\Bitdefender\Bitdefender Security\atcuf\dlls_266758771675102077\atcuf64.dll
0x00007ffeb95e0000 - 0x00007ffeb978e000 	C:\WINDOWS\System32\USER32.dll
0x00007ffeb7250000 - 0x00007ffeb7276000 	C:\WINDOWS\System32\win32u.dll
0x00007ffeb7ea0000 - 0x00007ffeb7ec9000 	C:\WINDOWS\System32\GDI32.dll
0x00007ffeb75a0000 - 0x00007ffeb76b8000 	C:\WINDOWS\System32\gdi32full.dll
0x00007ffeb6e00000 - 0x00007ffeb6e9a000 	C:\WINDOWS\System32\msvcp_win.dll
0x00007ffeb6ce0000 - 0x00007ffeb6df1000 	C:\WINDOWS\System32\ucrtbase.dll
0x00007ffe8a8a0000 - 0x00007ffe8ab33000 	C:\WINDOWS\WinSxS\amd64_microsoft.windows.common-controls_6595b64144ccf1df_6.0.22621.2215_none_270d72677387dfc3\COMCTL32.dll
0x00007ffeb8ef0000 - 0x00007ffeb8f97000 	C:\WINDOWS\System32\msvcrt.dll
0x00007ffeb8620000 - 0x00007ffeb8651000 	C:\WINDOWS\System32\IMM32.DLL
0x00007ffe97140000 - 0x00007ffe97156000 	C:\Users\IlijaPC\Downloads\openjdk-11_windows-x64_bin\jdk-11\bin\vcruntime140.dll
0x00007ffe64020000 - 0x00007ffe640ca000 	C:\Users\IlijaPC\Downloads\openjdk-11_windows-x64_bin\jdk-11\bin\msvcp140.dll
0x00007ffe4cb70000 - 0x00007ffe4d6b1000 	C:\Users\IlijaPC\Downloads\openjdk-11_windows-x64_bin\jdk-11\bin\server\jvm.dll
0x00007ffeb8fa0000 - 0x00007ffeb9050000 	C:\WINDOWS\System32\ADVAPI32.dll
0x00007ffeb7f20000 - 0x00007ffeb7fc6000 	C:\WINDOWS\System32\sechost.dll
0x00007ffeb7cf0000 - 0x00007ffeb7e07000 	C:\WINDOWS\System32\RPCRT4.dll
0x00007ffeb9870000 - 0x00007ffeb9878000 	C:\WINDOWS\System32\PSAPI.DLL
0x00007ffeaefc0000 - 0x00007ffeaefc9000 	C:\WINDOWS\SYSTEM32\WSOCK32.dll
0x00007ffeb9400000 - 0x00007ffeb9471000 	C:\WINDOWS\System32\WS2_32.dll
0x00007ffeb1930000 - 0x00007ffeb1964000 	C:\WINDOWS\SYSTEM32\WINMM.dll
0x00007ffeb1780000 - 0x00007ffeb178a000 	C:\WINDOWS\SYSTEM32\VERSION.dll
0x00007ffeb5d50000 - 0x00007ffeb5d68000 	C:\WINDOWS\SYSTEM32\kernel.appcore.dll
0x00007ffe8f420000 - 0x00007ffe8f431000 	C:\Users\IlijaPC\Downloads\openjdk-11_windows-x64_bin\jdk-11\bin\verify.dll
0x00007ffeb46e0000 - 0x00007ffeb490e000 	C:\WINDOWS\SYSTEM32\DBGHELP.DLL
0x00007ffeb76c0000 - 0x00007ffeb7a4a000 	C:\WINDOWS\System32\combase.dll
0x00007ffeb9790000 - 0x00007ffeb9867000 	C:\WINDOWS\System32\OLEAUT32.dll
0x00007ffeaab60000 - 0x00007ffeaab92000 	C:\WINDOWS\SYSTEM32\dbgcore.DLL
0x00007ffeb7520000 - 0x00007ffeb759a000 	C:\WINDOWS\System32\bcryptPrimitives.dll
0x00007ffe8c710000 - 0x00007ffe8c738000 	C:\Users\IlijaPC\Downloads\openjdk-11_windows-x64_bin\jdk-11\bin\java.dll
0x00007ffe8f200000 - 0x00007ffe8f216000 	C:\Users\IlijaPC\Downloads\openjdk-11_windows-x64_bin\jdk-11\bin\zip.dll
0x00007ffeb18b0000 - 0x00007ffeb18ba000 	C:\Users\IlijaPC\Downloads\openjdk-11_windows-x64_bin\jdk-11\bin\jimage.dll
0x00007ffeb86c0000 - 0x00007ffeb8ee3000 	C:\WINDOWS\System32\SHELL32.dll
0x00007ffeb4c30000 - 0x00007ffeb551a000 	C:\WINDOWS\SYSTEM32\windows.storage.dll
0x00007ffeb4af0000 - 0x00007ffeb4c2e000 	C:\WINDOWS\SYSTEM32\wintypes.dll
0x00007ffeb9160000 - 0x00007ffeb9253000 	C:\WINDOWS\System32\SHCORE.dll
0x00007ffeb9100000 - 0x00007ffeb915e000 	C:\WINDOWS\System32\shlwapi.dll
0x00007ffeb6c10000 - 0x00007ffeb6c36000 	C:\WINDOWS\SYSTEM32\profapi.dll
0x00007ffe7e740000 - 0x00007ffe7e759000 	C:\Users\IlijaPC\Downloads\openjdk-11_windows-x64_bin\jdk-11\bin\net.dll
0x00007ffeb1540000 - 0x00007ffeb1677000 	C:\WINDOWS\SYSTEM32\WINHTTP.dll
0x00007ffeb6250000 - 0x00007ffeb62b9000 	C:\WINDOWS\system32\mswsock.dll
0x00007ffe79410000 - 0x00007ffe79423000 	C:\Users\IlijaPC\Downloads\openjdk-11_windows-x64_bin\jdk-11\bin\nio.dll
0x00007ffeb6480000 - 0x00007ffeb649b000 	C:\WINDOWS\SYSTEM32\CRYPTSP.dll
0x00007ffeb5d70000 - 0x00007ffeb5da5000 	C:\WINDOWS\system32\rsaenh.dll
0x00007ffeb6300000 - 0x00007ffeb632c000 	C:\WINDOWS\SYSTEM32\USERENV.dll
0x00007ffeb66b0000 - 0x00007ffeb66d8000 	C:\WINDOWS\SYSTEM32\bcrypt.dll
0x00007ffeb64a0000 - 0x00007ffeb64ac000 	C:\WINDOWS\SYSTEM32\CRYPTBASE.dll
0x00007ffeb57f0000 - 0x00007ffeb581d000 	C:\WINDOWS\SYSTEM32\IPHLPAPI.DLL
0x00007ffeb8660000 - 0x00007ffeb8669000 	C:\WINDOWS\System32\NSI.dll
0x00007ffeb1520000 - 0x00007ffeb1539000 	C:\WINDOWS\SYSTEM32\dhcpcsvc6.DLL
0x00007ffeb1500000 - 0x00007ffeb151f000 	C:\WINDOWS\SYSTEM32\dhcpcsvc.DLL
0x00007ffeb5820000 - 0x00007ffeb5912000 	C:\WINDOWS\SYSTEM32\DNSAPI.dll
0x00000000637c0000 - 0x00000000637cd000 	C:\Users\IlijaPC\AppData\Local\Temp\jogamp_0000\file_cache\jln8029337385029094146\jln2911500725812758702\gluegen-rt.dll
0x00007ffe620f0000 - 0x00007ffe6228e000 	C:\Users\IlijaPC\Downloads\openjdk-11_windows-x64_bin\jdk-11\bin\awt.dll
0x00007ffeb2b70000 - 0x00007ffeb3131000 	C:\WINDOWS\SYSTEM32\d2d1.dll
0x00007ffeb3b90000 - 0x00007ffeb3c27000 	C:\WINDOWS\SYSTEM32\apphelp.dll
0x00007ffeb3cb0000 - 0x00007ffeb3d5b000 	C:\WINDOWS\system32\uxtheme.dll
0x00007ffeb7ba0000 - 0x00007ffeb7ce9000 	C:\WINDOWS\System32\MSCTF.dll
0x00007ffeb9260000 - 0x00007ffeb93fe000 	C:\WINDOWS\System32\ole32.dll
0x00007ffea8e70000 - 0x00007ffea8e77000 	C:\Users\IlijaPC\Downloads\openjdk-11_windows-x64_bin\jdk-11\bin\jawt.dll
0x000000006a440000 - 0x000000006a44d000 	C:\Users\IlijaPC\AppData\Local\Temp\jogamp_0000\file_cache\jln8029337385029094146\jln2911500725812758702\nativewindow_awt.dll
0x00007ffeb3f30000 - 0x00007ffeb3f5b000 	C:\WINDOWS\system32\DWMAPI.DLL
0x00007ffe63f20000 - 0x00007ffe64020000 	C:\WINDOWS\system32\opengl32.dll
0x00007ffe78330000 - 0x00007ffe7835d000 	C:\WINDOWS\SYSTEM32\GLU32.dll
0x00007ffeb3fa0000 - 0x00007ffeb3fd8000 	C:\WINDOWS\SYSTEM32\dxcore.dll
0x00007ffe64130000 - 0x00007ffe642d9000 	C:\WINDOWS\system32\d3d9.dll
0x00007ffeacab0000 - 0x00007ffeacb6c000 	C:\WINDOWS\System32\DriverStore\FileRepository\nv_dispig.inf_amd64_d3828c822366e497\nvldumdx.dll
0x00007ffeb6540000 - 0x00007ffeb6552000 	C:\WINDOWS\SYSTEM32\msasn1.dll
0x00007ffeb0d90000 - 0x00007ffeb0dc2000 	C:\WINDOWS\SYSTEM32\cryptnet.dll
0x00007ffeb73b0000 - 0x00007ffeb7516000 	C:\WINDOWS\System32\CRYPT32.dll
0x00007ffead780000 - 0x00007ffead8d8000 	C:\WINDOWS\SYSTEM32\drvstore.dll
0x00007ffeb69a0000 - 0x00007ffeb69cc000 	C:\WINDOWS\SYSTEM32\devobj.dll
0x00007ffeb69d0000 - 0x00007ffeb6a1e000 	C:\WINDOWS\SYSTEM32\cfgmgr32.dll
0x00007ffeb65c0000 - 0x00007ffeb660b000 	C:\WINDOWS\SYSTEM32\wldp.dll
0x00007ffeb7340000 - 0x00007ffeb73ab000 	C:\WINDOWS\System32\wintrust.dll
0x00007ffeb8680000 - 0x00007ffeb869f000 	C:\WINDOWS\System32\imagehlp.dll
0x00007ffe58170000 - 0x00007ffe5b2fd000 	C:\WINDOWS\System32\DriverStore\FileRepository\nv_dispig.inf_amd64_d3828c822366e497\nvd3dumx.dll
0x00007ffeb1680000 - 0x00007ffeb16ca000 	C:\WINDOWS\SYSTEM32\directxdatabasehelper.dll
0x00007ffeb62c0000 - 0x00007ffeb62e6000 	C:\WINDOWS\SYSTEM32\gpapi.dll
0x000000006c100000 - 0x000000006c10f000 	C:\Users\IlijaPC\AppData\Local\Temp\jogamp_0000\file_cache\jln8029337385029094146\jln2911500725812758702\nativewindow_win32.dll
0x0000000064500000 - 0x00000000645a0000 	C:\Users\IlijaPC\AppData\Local\Temp\jogamp_0000\file_cache\jln8029337385029094146\jln2911500725812758702\jogl_desktop.dll
0x00007ffeb9050000 - 0x00007ffeb9100000 	C:\WINDOWS\System32\clbcatq.dll
0x00007ffea3350000 - 0x00007ffea3485000 	C:\Windows\System32\AppXDeploymentClient.dll
0x00007ffe45220000 - 0x00007ffe494b2000 	C:\WINDOWS\System32\DriverStore\FileRepository\nv_dispig.inf_amd64_d3828c822366e497\nvoglv64.dll
0x00007ffeb7fd0000 - 0x00007ffeb8444000 	C:\WINDOWS\System32\SETUPAPI.dll
0x00007ffeb5ba0000 - 0x00007ffeb5bb4000 	C:\WINDOWS\SYSTEM32\WTSAPI32.dll
0x00007ffeb5e00000 - 0x00007ffeb5e34000 	C:\WINDOWS\SYSTEM32\ntmarta.dll
0x00007ffeb5b50000 - 0x00007ffeb5b9d000 	C:\WINDOWS\SYSTEM32\powrprof.dll
0x00007ffeb5b30000 - 0x00007ffeb5b43000 	C:\WINDOWS\SYSTEM32\UMPDC.dll
0x00007ffeb5770000 - 0x00007ffeb57d6000 	C:\WINDOWS\SYSTEM32\WINSTA.dll
0x00007ffe66df0000 - 0x00007ffe66e70000 	C:\Users\IlijaPC\Downloads\openjdk-11_windows-x64_bin\jdk-11\bin\freetype.dll
0x00007ffe64710000 - 0x00007ffe6477f000 	C:\Users\IlijaPC\Downloads\openjdk-11_windows-x64_bin\jdk-11\bin\fontmanager.dll
0x00007ffe87b60000 - 0x00007ffe87ca4000 	C:\WINDOWS\SYSTEM32\textinputframework.dll
0x00007ffeb37c0000 - 0x00007ffeb38f3000 	C:\WINDOWS\SYSTEM32\CoreMessaging.dll
0x00007ffeb0dd0000 - 0x00007ffeb113c000 	C:\WINDOWS\SYSTEM32\CoreUIComponents.dll

dbghelp: loaded successfully - version: 4.0.5 - missing functions: none
symbol engine: initialized successfully - sym options: 0x614 - pdb path: .;C:\Users\IlijaPC\Downloads\openjdk-11_windows-x64_bin\jdk-11\bin;C:\WINDOWS\SYSTEM32;C:\Program Files\Bitdefender\Bitdefender Security\bdhkm\dlls_266758771698845320;C:\Program Files\Bitdefender\Bitdefender Security\atcuf\dlls_266758771675102077;C:\WINDOWS\WinSxS\amd64_microsoft.windows.common-controls_6595b64144ccf1df_6.0.22621.2215_none_270d72677387dfc3;C:\Users\IlijaPC\Downloads\openjdk-11_windows-x64_bin\jdk-11\bin\server;C:\Users\IlijaPC\AppData\Local\Temp\jogamp_0000\file_cache\jln8029337385029094146\jln2911500725812758702;C:\WINDOWS\System32\DriverStore\FileRepository\nv_dispig.inf_amd64_d3828c822366e497

VM Arguments:
jvm_args: -Dfile.encoding=UTF-8 
java_command: inft3032.assign.Assignment -scene scenes/ColouredTriangle.scene
java_class_path (initial): C:\Users\IlijaPC\Documents\Assignment2OpenGl\Assignment 2 Base Code\bin;C:\Users\IlijaPC\Documents\Assignment2OpenGl\Assignment 2 Base Code\jogamp-all-platforms\jogamp-all-platforms\jar\gluegen-rt.jar;C:\Users\IlijaPC\Documents\Assignment2OpenGl\Assignment 2 Base Code\jogamp-all-platforms\jogamp-all-platforms\jar\jogl-all.jar
Launcher Type: SUN_STANDARD

[Global flags]
     intx CICompilerCount                          = 12                                        {product} {ergonomic}
     uint ConcGCThreads                            = 5                                         {product} {ergonomic}
     uint G1ConcRefinementThreads                  = 18                                        {product} {ergonomic}
   size_t G1HeapRegionSize                         = 2097152                                   {product} {ergonomic}
    uintx GCDrainStackTargetSize                   = 64                                        {product} {ergonomic}
   size_t InitialHeapSize                          = 532676608                                 {product} {ergonomic}
   size_t MarkStackSize                            = 4194304                                   {product} {ergonomic}
   size_t MaxHeapSize                              = 8522825728                                {product} {ergonomic}
   size_t MaxNewSize                               = 5112856576                                {product} {ergonomic}
   size_t MinHeapDeltaBytes                        = 2097152                                   {product} {ergonomic}
    uintx NonNMethodCodeHeapSize                   = 7591728                                {pd product} {ergonomic}
    uintx NonProfiledCodeHeapSize                  = 122033256                              {pd product} {ergonomic}
    uintx ProfiledCodeHeapSize                     = 122033256                              {pd product} {ergonomic}
    uintx ReservedCodeCacheSize                    = 251658240                              {pd product} {ergonomic}
     bool SegmentedCodeCache                       = true                                      {product} {ergonomic}
     bool UseCompressedClassPointers               = true                                 {lp64_product} {ergonomic}
     bool UseCompressedOops                        = true                                 {lp64_product} {ergonomic}
     bool UseG1GC                                  = true                                      {product} {ergonomic}
     bool UseLargePagesIndividualAllocation        = false                                  {pd product} {ergonomic}

Logging:
Log output configuration:
 #0: stdout all=warning uptime,level,tags
 #1: stderr all=off uptime,level,tags

Environment Variables:
PATH=C:/Users/IlijaPC/.p2/pool/plugins/org.eclipse.justj.openjdk.hotspot.jre.full.win32.x86_64_17.0.8.v20230801-1951/jre/bin/server;C:/Users/IlijaPC/.p2/pool/plugins/org.eclipse.justj.openjdk.hotspot.jre.full.win32.x86_64_17.0.8.v20230801-1951/jre/bin;C:\Program Files (x86)\Common Files\Oracle\Java\javapath;C:\WINDOWS\system32;C:\WINDOWS;C:\WINDOWS\System32\Wbem;C:\WINDOWS\System32\WindowsPowerShell\v1.0\;C:\WINDOWS\System32\OpenSSH\;C:\Program Files (x86)\NVIDIA Corporation\PhysX\Common;C:\Program Files\dotnet\;C:\Users\IlijaPC\AppData\Local\Microsoft\WindowsApps;C:\Users\IlijaPC\AppData\Local\GitHubDesktop\bin;C:\Users\IlijaPC\AppData\Local\Programs\Microsoft VS Code\bin;C:\Users\IlijaPC\.dotnet\tools;C:\Users\IlijaPC\Desktop;
USERNAME=IlijaPC
OS=Windows_NT
PROCESSOR_IDENTIFIER=Intel64 Family 6 Model 183 Stepping 1, GenuineIntel



---------------  S Y S T E M  ---------------

OS: Windows 10 , 64 bit Build 22621 (10.0.22621.2215)

CPU:total 24 (initial active 24) (12 cores per cpu, 2 threads per core) family 6 model 183 stepping 1, cmov, cx8, fxsr, mmx, sse, sse2, sse3, ssse3, sse4.1, sse4.2, popcnt, avx, avx2, aes, clmul, erms, 3dnowpref, lzcnt, ht, tsc, tscinvbit, bmi1, bmi2, adx, sha, fma

Memory: 4k page, system-wide physical 32509M (20892M free)
TotalPageFile size 34557M (AvailPageFile size 18673M)
current process WorkingSet (physical memory assigned to process): 160M, peak: 160M
current process commit charge ("private bytes"): 719M, peak: 719M

vm_info: OpenJDK 64-Bit Server VM (11+28) for windows-amd64 JRE (11+28), built on Aug 23 2018 03:04:58 by "mach5one" with MS VC++ 15.5 (VS2017)

END.
